#
# There is insufficient memory for the Java Runtime Environment to continue.
# Native memory allocation (mmap) failed to map 136314880 bytes for committing reserved memory.
# Possible reasons:
#   The system is out of physical RAM or swap space
#   In 32 bit mode, the process size limit was hit
# Possible solutions:
#   Reduce memory load on the system
#   Increase physical memory or swap space
#   Check if swap backing store is full
#   Use 64 bit Java on a 64 bit OS
#   Decrease Java heap size (-Xmx/-Xms)
#   Decrease number of Java threads
#   Decrease Java thread stack sizes (-Xss)
#   Set larger code cache with -XX:ReservedCodeCacheSize=
# This output file may be truncated or incomplete.
#
#  Out of Memory Error (os_linux.cpp:2627), pid=10393, tid=140510328993536
#
# JRE version: Java(TM) SE Runtime Environment (8.0_66-b17) (build 1.8.0_66-b17)
# Java VM: Java HotSpot(TM) 64-Bit Server VM (25.66-b17 mixed mode linux-amd64 compressed oops)
# Failed to write core dump. Core dumps have been disabled. To enable core dumping, try "ulimit -c unlimited" before starting Java again
#

---------------  T H R E A D  ---------------

Current thread (0x00007fcb2c080000):  VMThread [stack: 0x00007fcb1c2f3000,0x00007fcb1c3f4000] [id=10418]

Stack: [0x00007fcb1c2f3000,0x00007fcb1c3f4000],  sp=0x00007fcb1c3f2260,  free space=1020k
Native frames: (J=compiled Java code, j=interpreted, Vv=VM code, C=native code)
V  [libjvm.so+0xab9a1a]  VMError::report_and_die()+0x2ba
V  [libjvm.so+0x4f9e0b]  report_vm_out_of_memory(char const*, int, unsigned long, VMErrorType, char const*)+0x8b
V  [libjvm.so+0x91a8a3]  os::Linux::commit_memory_impl(char*, unsigned long, bool)+0x103
V  [libjvm.so+0x91adf9]  os::pd_commit_memory(char*, unsigned long, unsigned long, bool)+0x29
V  [libjvm.so+0x91510a]  os::commit_memory(char*, unsigned long, unsigned long, bool)+0x2a
V  [libjvm.so+0x9887a3]  PSVirtualSpace::expand_by(unsigned long)+0x53
V  [libjvm.so+0x989ba8]  PSYoungGen::resize_generation(unsigned long, unsigned long)+0xf8
V  [libjvm.so+0x988d02]  PSYoungGen::resize(unsigned long, unsigned long)+0x22
V  [libjvm.so+0x985fdb]  PSScavenge::invoke_no_policy()+0xf3b
V  [libjvm.so+0x986761]  PSScavenge::invoke()+0x41
V  [libjvm.so+0x93e500]  ParallelScavengeHeap::failed_mem_allocate(unsigned long)+0x70
V  [libjvm.so+0xabb437]  VM_ParallelGCFailedAllocation::doit()+0x97
V  [libjvm.so+0xac2e65]  VM_Operation::evaluate()+0x55
V  [libjvm.so+0xac123a]  VMThread::evaluate_operation(VM_Operation*)+0xba
V  [libjvm.so+0xac15be]  VMThread::loop()+0x1ce
V  [libjvm.so+0xac1a30]  VMThread::run()+0x70
V  [libjvm.so+0x91cc68]  java_start(Thread*)+0x108

VM_Operation (0x00007fcb14de0df0): ParallelGCFailedAllocation, mode: safepoint, requested by thread 0x00007fcb2c14f800


---------------  P R O C E S S  ---------------

Java Threads: ( => current thread )
  0x00007fcb2c153000 JavaThread "pool-1-thread-4" [_thread_blocked, id=10462, stack(0x00007fcb14be1000,0x00007fcb14ce2000)]
  0x00007fcb2c14f800 JavaThread "pool-1-thread-3" [_thread_blocked, id=10460, stack(0x00007fcb14ce2000,0x00007fcb14de3000)]
  0x00007fcb2c144000 JavaThread "pool-1-thread-2" [_thread_blocked, id=10459, stack(0x00007fcb14de3000,0x00007fcb14ee4000)]
  0x00007fcb2c143000 JavaThread "pool-2-thread-1" [_thread_blocked, id=10454, stack(0x00007fcb14ee4000,0x00007fcb14fe5000)]
  0x00007fcb2c140800 JavaThread "pool-1-thread-1" [_thread_blocked, id=10453, stack(0x00007fcb14fe5000,0x00007fcb150e6000)]
  0x00007fcb2c0cb000 JavaThread "Service Thread" daemon [_thread_blocked, id=10432, stack(0x00007fcb151e7000,0x00007fcb152e8000)]
  0x00007fcb2c0c6000 JavaThread "C1 CompilerThread3" daemon [_thread_blocked, id=10431, stack(0x00007fcb152e8000,0x00007fcb153e9000)]
  0x00007fcb2c0c4000 JavaThread "C2 CompilerThread2" daemon [_thread_blocked, id=10430, stack(0x00007fcb153e9000,0x00007fcb154ea000)]
  0x00007fcb2c0c2800 JavaThread "C2 CompilerThread1" daemon [_thread_blocked, id=10429, stack(0x00007fcb154ea000,0x00007fcb155eb000)]
  0x00007fcb2c0bf800 JavaThread "C2 CompilerThread0" daemon [_thread_blocked, id=10428, stack(0x00007fcb155eb000,0x00007fcb156ec000)]
  0x00007fcb2c0be000 JavaThread "Signal Dispatcher" daemon [_thread_blocked, id=10427, stack(0x00007fcb156ec000,0x00007fcb157ed000)]
  0x00007fcb2c087000 JavaThread "Finalizer" daemon [_thread_blocked, id=10420, stack(0x00007fcb1c0f1000,0x00007fcb1c1f2000)]
  0x00007fcb2c085000 JavaThread "Reference Handler" daemon [_thread_blocked, id=10419, stack(0x00007fcb1c1f2000,0x00007fcb1c2f3000)]
  0x00007fcb2c00a000 JavaThread "main" [_thread_blocked, id=10397, stack(0x00007fcb35abb000,0x00007fcb35bbc000)]

Other Threads:
=>0x00007fcb2c080000 VMThread [stack: 0x00007fcb1c2f3000,0x00007fcb1c3f4000] [id=10418]
  0x00007fcb2c0ce000 WatcherThread [stack: 0x00007fcb150e6000,0x00007fcb151e7000] [id=10434]

VM state:at safepoint (normal execution)

VM Mutex/Monitor currently owned by a thread:  ([mutex/lock_event])
[0x00007fcb2c006390] Threads_lock - owner thread: 0x00007fcb2c080000
[0x00007fcb2c006890] Heap_lock - owner thread: 0x00007fcb2c14f800

Heap:
 PSYoungGen      total 99840K, used 3557K [0x00000000eab00000, 0x00000000f1000000, 0x0000000100000000)
  eden space 96256K, 0% used [0x00000000eab00000,0x00000000eab00000,0x00000000f0900000)
  from space 3584K, 99% used [0x00000000f0900000,0x00000000f0c797b8,0x00000000f0c80000)
  to   space 3584K, 0% used [0x00000000f0c80000,0x00000000f0c80000,0x00000000f1000000)
 ParOldGen       total 62976K, used 33546K [0x00000000c0000000, 0x00000000c3d80000, 0x00000000eab00000)
  object space 62976K, 53% used [0x00000000c0000000,0x00000000c20c28a8,0x00000000c3d80000)
 Metaspace       used 6262K, capacity 7152K, committed 7296K, reserved 1056768K
  class space    used 587K, capacity 616K, committed 640K, reserved 1048576K

Card table byte_map: [0x00007fcb32680000,0x00007fcb32881000] byte_map_base: 0x00007fcb32080000

Marking Bits: (ParMarkBitMap*) 0x00007fcb34f90020
 Begin Bits: [0x00007fcb16000000, 0x00007fcb17000000)
 End Bits:   [0x00007fcb17000000, 0x00007fcb18000000)

Polling page: 0x00007fcb35bd7000

CodeCache: size=245760Kb used=6912Kb max_used=6912Kb free=238847Kb
 bounds [0x00007fcb1d000000, 0x00007fcb1d6d0000, 0x00007fcb2c000000]
 total_blobs=2150 nmethods=1880 adapters=182
 compilation: enabled

Compilation events (10 events):
Event: 6,173 Thread 0x00007fcb2c0c6000 nmethod 2070 0x00007fcb1d6b8390 code [0x00007fcb1d6b84e0, 0x00007fcb1d6b8630]
Event: 6,173 Thread 0x00007fcb2c0c6000 2071       2       sun.util.calendar.BaseCalendar::getDayOfWeekFromFixedDate (26 bytes)
Event: 6,173 Thread 0x00007fcb2c0c6000 nmethod 2071 0x00007fcb1d6b8690 code [0x00007fcb1d6b8800, 0x00007fcb1d6b8a50]
Event: 6,190 Thread 0x00007fcb2c0c6000 2074       3       com.android.dx.dex.code.RopTranslator::pickOrder (400 bytes)
Event: 6,193 Thread 0x00007fcb2c0c6000 nmethod 2074 0x00007fcb1d6b8b90 code [0x00007fcb1d6b8ec0, 0x00007fcb1d6bafb8]
Event: 6,193 Thread 0x00007fcb2c0c6000 2078       3       com.android.dx.ssa.DomFront::run (264 bytes)
Event: 6,196 Thread 0x00007fcb2c0c6000 nmethod 2078 0x00007fcb1d6bc290 code [0x00007fcb1d6bc820, 0x00007fcb1d6bfe48]
Event: 6,196 Thread 0x00007fcb2c0c6000 2077       3       com.android.dx.ssa.DomFront::buildDomTree (72 bytes)
Event: 6,197 Thread 0x00007fcb2c0c6000 nmethod 2077 0x00007fcb1d6c1cd0 code [0x00007fcb1d6c1f40, 0x00007fcb1d6c2d88]
Event: 6,197 Thread 0x00007fcb2c0c6000 2073   !   2       com.android.dx.cf.direct.DirectClassFile$DcfTypeList::<init> (137 bytes)

GC Heap History (9 events):
Event: 1,925 GC heap before
{Heap before GC invocations=1 (full 0):
 PSYoungGen      total 27648K, used 24064K [0x00000000eab00000, 0x00000000ec980000, 0x0000000100000000)
  eden space 24064K, 100% used [0x00000000eab00000,0x00000000ec280000,0x00000000ec280000)
  from space 3584K, 0% used [0x00000000ec600000,0x00000000ec600000,0x00000000ec980000)
  to   space 3584K, 0% used [0x00000000ec280000,0x00000000ec280000,0x00000000ec600000)
 ParOldGen       total 62976K, used 0K [0x00000000c0000000, 0x00000000c3d80000, 0x00000000eab00000)
  object space 62976K, 0% used [0x00000000c0000000,0x00000000c0000000,0x00000000c3d80000)
 Metaspace       used 5164K, capacity 6256K, committed 6528K, reserved 1056768K
  class space    used 568K, capacity 616K, committed 640K, reserved 1048576K
Event: 1,980 GC heap after
Heap after GC invocations=1 (full 0):
 PSYoungGen      total 27648K, used 2849K [0x00000000eab00000, 0x00000000ee100000, 0x0000000100000000)
  eden space 24064K, 0% used [0x00000000eab00000,0x00000000eab00000,0x00000000ec280000)
  from space 3584K, 79% used [0x00000000ec280000,0x00000000ec5487c0,0x00000000ec600000)
  to   space 3584K, 0% used [0x00000000edd80000,0x00000000edd80000,0x00000000ee100000)
 ParOldGen       total 62976K, used 0K [0x00000000c0000000, 0x00000000c3d80000, 0x00000000eab00000)
  object space 62976K, 0% used [0x00000000c0000000,0x00000000c0000000,0x00000000c3d80000)
 Metaspace       used 5164K, capacity 6256K, committed 6528K, reserved 1056768K
  class space    used 568K, capacity 616K, committed 640K, reserved 1048576K
}
Event: 2,899 GC heap before
{Heap before GC invocations=2 (full 0):
 PSYoungGen      total 27648K, used 26913K [0x00000000eab00000, 0x00000000ee100000, 0x0000000100000000)
  eden space 24064K, 100% used [0x00000000eab00000,0x00000000ec280000,0x00000000ec280000)
  from space 3584K, 79% used [0x00000000ec280000,0x00000000ec5487c0,0x00000000ec600000)
  to   space 3584K, 0% used [0x00000000edd80000,0x00000000edd80000,0x00000000ee100000)
 ParOldGen       total 62976K, used 0K [0x00000000c0000000, 0x00000000c3d80000, 0x00000000eab00000)
  object space 62976K, 0% used [0x00000000c0000000,0x00000000c0000000,0x00000000c3d80000)
 Metaspace       used 5783K, capacity 6768K, committed 7040K, reserved 1056768K
  class space    used 585K, capacity 616K, committed 640K, reserved 1048576K
Event: 2,933 GC heap after
Heap after GC invocations=2 (full 0):
 PSYoungGen      total 51712K, used 3562K [0x00000000eab00000, 0x00000000ee100000, 0x0000000100000000)
  eden space 48128K, 0% used [0x00000000eab00000,0x00000000eab00000,0x00000000eda00000)
  from space 3584K, 99% used [0x00000000edd80000,0x00000000ee0faaa0,0x00000000ee100000)
  to   space 3584K, 0% used [0x00000000eda00000,0x00000000eda00000,0x00000000edd80000)
 ParOldGen       total 62976K, used 1639K [0x00000000c0000000, 0x00000000c3d80000, 0x00000000eab00000)
  object space 62976K, 2% used [0x00000000c0000000,0x00000000c0199db8,0x00000000c3d80000)
 Metaspace       used 5783K, capacity 6768K, committed 7040K, reserved 1056768K
  class space    used 585K, capacity 616K, committed 640K, reserved 1048576K
}
Event: 4,207 GC heap before
{Heap before GC invocations=3 (full 0):
 PSYoungGen      total 51712K, used 51690K [0x00000000eab00000, 0x00000000ee100000, 0x0000000100000000)
  eden space 48128K, 100% used [0x00000000eab00000,0x00000000eda00000,0x00000000eda00000)
  from space 3584K, 99% used [0x00000000edd80000,0x00000000ee0faaa0,0x00000000ee100000)
  to   space 3584K, 0% used [0x00000000eda00000,0x00000000eda00000,0x00000000edd80000)
 ParOldGen       total 62976K, used 1639K [0x00000000c0000000, 0x00000000c3d80000, 0x00000000eab00000)
  object space 62976K, 2% used [0x00000000c0000000,0x00000000c0199db8,0x00000000c3d80000)
 Metaspace       used 5913K, capacity 6896K, committed 7040K, reserved 1056768K
  class space    used 586K, capacity 616K, committed 640K, reserved 1048576K
Event: 4,295 GC heap after
Heap after GC invocations=3 (full 0):
 PSYoungGen      total 51712K, used 3581K [0x00000000eab00000, 0x00000000f1000000, 0x0000000100000000)
  eden space 48128K, 0% used [0x00000000eab00000,0x00000000eab00000,0x00000000eda00000)
  from space 3584K, 99% used [0x00000000eda00000,0x00000000edd7f418,0x00000000edd80000)
  to   space 3584K, 0% used [0x00000000f0c80000,0x00000000f0c80000,0x00000000f1000000)
 ParOldGen       total 62976K, used 9070K [0x00000000c0000000, 0x00000000c3d80000, 0x00000000eab00000)
  object space 62976K, 14% used [0x00000000c0000000,0x00000000c08dba60,0x00000000c3d80000)
 Metaspace       used 5913K, capacity 6896K, committed 7040K, reserved 1056768K
  class space    used 586K, capacity 616K, committed 640K, reserved 1048576K
}
Event: 4,675 GC heap before
{Heap before GC invocations=4 (full 0):
 PSYoungGen      total 51712K, used 51709K [0x00000000eab00000, 0x00000000f1000000, 0x0000000100000000)
  eden space 48128K, 100% used [0x00000000eab00000,0x00000000eda00000,0x00000000eda00000)
  from space 3584K, 99% used [0x00000000eda00000,0x00000000edd7f418,0x00000000edd80000)
  to   space 3584K, 0% used [0x00000000f0c80000,0x00000000f0c80000,0x00000000f1000000)
 ParOldGen       total 62976K, used 9070K [0x00000000c0000000, 0x00000000c3d80000, 0x00000000eab00000)
  object space 62976K, 14% used [0x00000000c0000000,0x00000000c08dba60,0x00000000c3d80000)
 Metaspace       used 6022K, capacity 7024K, committed 7296K, reserved 1056768K
  class space    used 587K, capacity 616K, committed 640K, reserved 1048576K
Event: 4,776 GC heap after
Heap after GC invocations=4 (full 0):
 PSYoungGen      total 99840K, used 3557K [0x00000000eab00000, 0x00000000f1000000, 0x0000000100000000)
  eden space 96256K, 0% used [0x00000000eab00000,0x00000000eab00000,0x00000000f0900000)
  from space 3584K, 99% used [0x00000000f0c80000,0x00000000f0ff97d8,0x00000000f1000000)
  to   space 3584K, 0% used [0x00000000f0900000,0x00000000f0900000,0x00000000f0c80000)
 ParOldGen       total 62976K, used 17111K [0x00000000c0000000, 0x00000000c3d80000, 0x00000000eab00000)
  object space 62976K, 27% used [0x00000000c0000000,0x00000000c10b5ca0,0x00000000c3d80000)
 Metaspace       used 6022K, capacity 7024K, committed 7296K, reserved 1056768K
  class space    used 587K, capacity 616K, committed 640K, reserved 1048576K
}
Event: 6,211 GC heap before
{Heap before GC invocations=5 (full 0):
 PSYoungGen      total 99840K, used 99813K [0x00000000eab00000, 0x00000000f1000000, 0x0000000100000000)
  eden space 96256K, 100% used [0x00000000eab00000,0x00000000f0900000,0x00000000f0900000)
  from space 3584K, 99% used [0x00000000f0c80000,0x00000000f0ff97d8,0x00000000f1000000)
  to   space 3584K, 0% used [0x00000000f0900000,0x00000000f0900000,0x00000000f0c80000)
 ParOldGen       total 62976K, used 17111K [0x00000000c0000000, 0x00000000c3d80000, 0x00000000eab00000)
  object space 62976K, 27% used [0x00000000c0000000,0x00000000c10b5ca0,0x00000000c3d80000)
 Metaspace       used 6262K, capacity 7152K, committed 7296K, reserved 1056768K
  class space    used 587K, capacity 616K, committed 640K, reserved 1048576K

Deoptimization events (10 events):
Event: 3,821 Thread 0x00007fcb2c153000 Uncommon trap: reason=unstable_if action=reinterpret pc=0x00007fcb1d3226bc method=com.android.dx.ssa.SsaMethod.updateOneDefinition(Lcom/android/dx/ssa/SsaInsn;Lcom/android/dx/rop/code/RegisterSpec;)V @ 4
Event: 4,361 Thread 0x00007fcb2c14f800 Uncommon trap: reason=unstable_if action=reinterpret pc=0x00007fcb1d222074 method=java.util.HashMap.getNode(ILjava/lang/Object;)Ljava/util/HashMap$Node; @ 84
Event: 4,361 Thread 0x00007fcb2c14f800 Uncommon trap: reason=unstable_if action=reinterpret pc=0x00007fcb1d1fc240 method=java.util.HashMap.getNode(ILjava/lang/Object;)Ljava/util/HashMap$Node; @ 84
Event: 4,789 Thread 0x00007fcb2c00a000 Uncommon trap: reason=class_check action=maybe_recompile pc=0x00007fcb1d4aa324 method=java.util.HashMap.putVal(ILjava/lang/Object;Ljava/lang/Object;ZZ)Ljava/lang/Object; @ 203
Event: 4,795 Thread 0x00007fcb2c144000 Uncommon trap: reason=unstable_if action=reinterpret pc=0x00007fcb1d4aa2d4 method=java.util.HashMap.putVal(ILjava/lang/Object;Ljava/lang/Object;ZZ)Ljava/lang/Object; @ 94
Event: 4,890 Thread 0x00007fcb2c00a000 Uncommon trap: reason=bimorphic action=maybe_recompile pc=0x00007fcb1d513e38 method=java.util.HashMap.getNode(ILjava/lang/Object;)Ljava/util/HashMap$Node; @ 126
Event: 4,890 Thread 0x00007fcb2c00a000 Uncommon trap: reason=bimorphic action=maybe_recompile pc=0x00007fcb1d513e38 method=java.util.HashMap.getNode(ILjava/lang/Object;)Ljava/util/HashMap$Node; @ 126
Event: 4,890 Thread 0x00007fcb2c00a000 Uncommon trap: reason=bimorphic action=maybe_recompile pc=0x00007fcb1d513e38 method=java.util.HashMap.getNode(ILjava/lang/Object;)Ljava/util/HashMap$Node; @ 126
Event: 4,890 Thread 0x00007fcb2c00a000 Uncommon trap: reason=bimorphic action=maybe_recompile pc=0x00007fcb1d513e38 method=java.util.HashMap.getNode(ILjava/lang/Object;)Ljava/util/HashMap$Node; @ 126
Event: 6,182 Thread 0x00007fcb2c14f800 Uncommon trap: reason=class_check action=maybe_recompile pc=0x00007fcb1d669748 method=com.android.dx.ssa.SCCP.simulateBranch(Lcom/android/dx/ssa/SsaInsn;)V @ 145

Internal exceptions (3 events):
Event: 0,459 Thread 0x00007fcb2c00a000 Exception <a 'java/lang/NoSuchMethodError': Method sun.misc.Unsafe.defineClass(Ljava/lang/String;[BII)Ljava/lang/Class; name or signature does not match> (0x00000000eab12b98) thrown at [/HUDSON/workspace/8-2-build-linux-amd64/jdk8u66/4988/hotspot/src/shar
Event: 0,462 Thread 0x00007fcb2c00a000 Exception <a 'java/lang/NoSuchMethodError': Method sun.misc.Unsafe.prefetchRead(Ljava/lang/Object;J)V name or signature does not match> (0x00000000eab12e80) thrown at [/HUDSON/workspace/8-2-build-linux-amd64/jdk8u66/4988/hotspot/src/share/vm/prims/jni.cpp
Event: 3,515 Thread 0x00007fcb2c00a000 Implicit null exception at 0x00007fcb1d32ece2 to 0x00007fcb1d32eddb

Events (10 events):
Event: 6,184 Thread 0x00007fcb2c00a000 DEOPT UNPACKING pc=0x00007fcb1d047633 sp=0x00007fcb35bb9460 mode 0
Event: 6,184 Thread 0x00007fcb2c14f800 DEOPT PACKING pc=0x00007fcb1d43bae5 sp=0x00007fcb14de0be0
Event: 6,184 Thread 0x00007fcb2c14f800 DEOPT UNPACKING pc=0x00007fcb1d047633 sp=0x00007fcb14de09c8 mode 0
Event: 6,184 Thread 0x00007fcb2c14f800 DEOPT PACKING pc=0x00007fcb1d44793e sp=0x00007fcb14de0ce0
Event: 6,184 Thread 0x00007fcb2c14f800 DEOPT UNPACKING pc=0x00007fcb1d047633 sp=0x00007fcb14de0b08 mode 0
Event: 6,185 Thread 0x00007fcb2c00a000 DEOPT PACKING pc=0x00007fcb1d29e96d sp=0x00007fcb35bb9490
Event: 6,185 Thread 0x00007fcb2c00a000 DEOPT UNPACKING pc=0x00007fcb1d047633 sp=0x00007fcb35bb9218 mode 0
Event: 6,198 Thread 0x00007fcb2c14f800 DEOPT PACKING pc=0x00007fcb1d3a26ac sp=0x00007fcb14de0f20
Event: 6,198 Thread 0x00007fcb2c14f800 DEOPT UNPACKING pc=0x00007fcb1d047633 sp=0x00007fcb14de0c20 mode 0
Event: 6,198 Executing VM operation: ParallelGCFailedAllocation


Dynamic libraries:
00400000-00401000 r-xp 00000000 08:05 788552                             /usr/java/jdk1.8.0_66/bin/java
00600000-00601000 rw-p 00000000 08:05 788552                             /usr/java/jdk1.8.0_66/bin/java
01922000-01943000 rw-p 00000000 00:00 0                                  [heap]
c0000000-c3d80000 rw-p 00000000 00:00 0 
c3d80000-eab00000 ---p 00000000 00:00 0 
eab00000-f1000000 rw-p 00000000 00:00 0 
f9200000-100000000 ---p 00000000 00:00 0 
100000000-1000a0000 rw-p 00000000 00:00 0 
1000a0000-140000000 ---p 00000000 00:00 0 
7fcab0000000-7fcab0021000 rw-p 00000000 00:00 0 
7fcab0021000-7fcab4000000 ---p 00000000 00:00 0 
7fcab4000000-7fcab4021000 rw-p 00000000 00:00 0 
7fcab4021000-7fcab8000000 ---p 00000000 00:00 0 
7fcab8000000-7fcab8021000 rw-p 00000000 00:00 0 
7fcab8021000-7fcabc000000 ---p 00000000 00:00 0 
7fcabc000000-7fcabc021000 rw-p 00000000 00:00 0 
7fcabc021000-7fcac0000000 ---p 00000000 00:00 0 
7fcac0000000-7fcac0021000 rw-p 00000000 00:00 0 
7fcac0021000-7fcac4000000 ---p 00000000 00:00 0 
7fcac4000000-7fcac4033000 rw-p 00000000 00:00 0 
7fcac4033000-7fcac8000000 ---p 00000000 00:00 0 
7fcac8000000-7fcac89c5000 rw-p 00000000 00:00 0 
7fcac89c5000-7fcacc000000 ---p 00000000 00:00 0 
7fcacc000000-7fcacc021000 rw-p 00000000 00:00 0 
7fcacc021000-7fcad0000000 ---p 00000000 00:00 0 
7fcad0000000-7fcad07e9000 rw-p 00000000 00:00 0 
7fcad07e9000-7fcad4000000 ---p 00000000 00:00 0 
7fcad4000000-7fcad4eb6000 rw-p 00000000 00:00 0 
7fcad4eb6000-7fcad8000000 ---p 00000000 00:00 0 
7fcad8000000-7fcad8021000 rw-p 00000000 00:00 0 
7fcad8021000-7fcadc000000 ---p 00000000 00:00 0 
7fcadc000000-7fcadc8cd000 rw-p 00000000 00:00 0 
7fcadc8cd000-7fcae0000000 ---p 00000000 00:00 0 
7fcae0000000-7fcae0021000 rw-p 00000000 00:00 0 
7fcae0021000-7fcae4000000 ---p 00000000 00:00 0 
7fcae4000000-7fcae4021000 rw-p 00000000 00:00 0 
7fcae4021000-7fcae8000000 ---p 00000000 00:00 0 
7fcae8000000-7fcae8021000 rw-p 00000000 00:00 0 
7fcae8021000-7fcaec000000 ---p 00000000 00:00 0 
7fcaec000000-7fcaec28b000 rw-p 00000000 00:00 0 
7fcaec28b000-7fcaf0000000 ---p 00000000 00:00 0 
7fcaf0000000-7fcaf0021000 rw-p 00000000 00:00 0 
7fcaf0021000-7fcaf4000000 ---p 00000000 00:00 0 
7fcaf8000000-7fcaf8021000 rw-p 00000000 00:00 0 
7fcaf8021000-7fcafc000000 ---p 00000000 00:00 0 
7fcb00000000-7fcb00021000 rw-p 00000000 00:00 0 
7fcb00021000-7fcb04000000 ---p 00000000 00:00 0 
7fcb04000000-7fcb04021000 rw-p 00000000 00:00 0 
7fcb04021000-7fcb08000000 ---p 00000000 00:00 0 
7fcb08000000-7fcb08021000 rw-p 00000000 00:00 0 
7fcb08021000-7fcb0c000000 ---p 00000000 00:00 0 
7fcb10000000-7fcb10021000 rw-p 00000000 00:00 0 
7fcb10021000-7fcb14000000 ---p 00000000 00:00 0 
7fcb14be1000-7fcb14be4000 ---p 00000000 00:00 0 
7fcb14be4000-7fcb14ce2000 rw-p 00000000 00:00 0                          [stack:10462]
7fcb14ce2000-7fcb14ce5000 ---p 00000000 00:00 0 
7fcb14ce5000-7fcb14de3000 rw-p 00000000 00:00 0                          [stack:10460]
7fcb14de3000-7fcb14de6000 ---p 00000000 00:00 0 
7fcb14de6000-7fcb14ee4000 rw-p 00000000 00:00 0                          [stack:10459]
7fcb14ee4000-7fcb14ee7000 ---p 00000000 00:00 0 
7fcb14ee7000-7fcb14fe5000 rw-p 00000000 00:00 0                          [stack:10454]
7fcb14fe5000-7fcb14fe8000 ---p 00000000 00:00 0 
7fcb14fe8000-7fcb150e6000 rw-p 00000000 00:00 0                          [stack:10453]
7fcb150e6000-7fcb150e7000 ---p 00000000 00:00 0 
7fcb150e7000-7fcb151e7000 rw-p 00000000 00:00 0                          [stack:10434]
7fcb151e7000-7fcb151ea000 ---p 00000000 00:00 0 
7fcb151ea000-7fcb152e8000 rw-p 00000000 00:00 0                          [stack:10432]
7fcb152e8000-7fcb152eb000 ---p 00000000 00:00 0 
7fcb152eb000-7fcb153e9000 rw-p 00000000 00:00 0                          [stack:10431]
7fcb153e9000-7fcb153ec000 ---p 00000000 00:00 0 
7fcb153ec000-7fcb154ea000 rw-p 00000000 00:00 0                          [stack:10430]
7fcb154ea000-7fcb154ed000 ---p 00000000 00:00 0 
7fcb154ed000-7fcb155eb000 rw-p 00000000 00:00 0                          [stack:10429]
7fcb155eb000-7fcb155ee000 ---p 00000000 00:00 0 
7fcb155ee000-7fcb156ec000 rw-p 00000000 00:00 0                          [stack:10428]
7fcb156ec000-7fcb156ef000 ---p 00000000 00:00 0 
7fcb156ef000-7fcb157ed000 rw-p 00000000 00:00 0                          [stack:10427]
7fcb157ed000-7fcb16000000 r--p 00000000 08:05 793618                     /usr/lib/locale/locale-archive
7fcb16000000-7fcb18000000 rw-p 00000000 00:00 0 
7fcb18000000-7fcb18021000 rw-p 00000000 00:00 0 
7fcb18021000-7fcb1c000000 ---p 00000000 00:00 0 
7fcb1c0f1000-7fcb1c0f4000 ---p 00000000 00:00 0 
7fcb1c0f4000-7fcb1c1f2000 rw-p 00000000 00:00 0                          [stack:10420]
7fcb1c1f2000-7fcb1c1f5000 ---p 00000000 00:00 0 
7fcb1c1f5000-7fcb1c2f3000 rw-p 00000000 00:00 0                          [stack:10419]
7fcb1c2f3000-7fcb1c2f4000 ---p 00000000 00:00 0 
7fcb1c2f4000-7fcb1d000000 rw-p 00000000 00:00 0                          [stack:10418]
7fcb1d000000-7fcb1d6d0000 rwxp 00000000 00:00 0 
7fcb1d6d0000-7fcb2c000000 ---p 00000000 00:00 0 
7fcb2c000000-7fcb2c394000 rw-p 00000000 00:00 0 
7fcb2c394000-7fcb30000000 ---p 00000000 00:00 0 
7fcb3006b000-7fcb3007f000 r--s 000be000 08:05 2636324                    /home/paz/Documents/teamup/team-up/team-up-android/app/build/intermediates/exploded-aar/com.google.android.gms/play-services-basement/8.3.0/jars/classes.jar
7fcb3007f000-7fcb3008e000 r--s 000df000 08:05 2246660                    /home/paz/Android/Sdk/build-tools/23.0.2/lib/dx.jar
7fcb3008e000-7fcb310d3000 rw-p 00000000 00:00 0 
7fcb310d3000-7fcb312ac000 r--s 03d20000 08:05 1187215                    /usr/java/jdk1.8.0_66/jre/lib/rt.jar
7fcb312ac000-7fcb319a2000 rw-p 00000000 00:00 0 
7fcb319a2000-7fcb31b22000 ---p 00000000 00:00 0 
7fcb31b22000-7fcb31d22000 rw-p 00000000 00:00 0 
7fcb31d22000-7fcb31d23000 ---p 00000000 00:00 0 
7fcb31d23000-7fcb31e23000 rw-p 00000000 00:00 0                          [stack:10413]
7fcb31e23000-7fcb31e24000 ---p 00000000 00:00 0 
7fcb31e24000-7fcb31f24000 rw-p 00000000 00:00 0                          [stack:10412]
7fcb31f24000-7fcb31f25000 ---p 00000000 00:00 0 
7fcb31f25000-7fcb32025000 rw-p 00000000 00:00 0                          [stack:10410]
7fcb32025000-7fcb32026000 ---p 00000000 00:00 0 
7fcb32026000-7fcb32126000 rw-p 00000000 00:00 0                          [stack:10408]
7fcb32126000-7fcb32127000 ---p 00000000 00:00 0 
7fcb32127000-7fcb32227000 rw-p 00000000 00:00 0                          [stack:10404]
7fcb32227000-7fcb32228000 ---p 00000000 00:00 0 
7fcb32228000-7fcb32328000 rw-p 00000000 00:00 0                          [stack:10402]
7fcb32328000-7fcb32329000 ---p 00000000 00:00 0 
7fcb32329000-7fcb32429000 rw-p 00000000 00:00 0                          [stack:10400]
7fcb32429000-7fcb3242a000 ---p 00000000 00:00 0 
7fcb3242a000-7fcb32549000 rw-p 00000000 00:00 0                          [stack:10399]
7fcb32549000-7fcb32680000 ---p 00000000 00:00 0 
7fcb32680000-7fcb3269f000 rw-p 00000000 00:00 0 
7fcb3269f000-7fcb327d5000 ---p 00000000 00:00 0 
7fcb327d5000-7fcb32808000 rw-p 00000000 00:00 0 
7fcb32808000-7fcb32880000 ---p 00000000 00:00 0 
7fcb32880000-7fcb3289d000 rw-p 00000000 00:00 0 
7fcb3289d000-7fcb32c41000 ---p 00000000 00:00 0 
7fcb32c41000-7fcb32c5b000 r-xp 00000000 08:05 1322175                    /usr/java/jdk1.8.0_66/jre/lib/amd64/libzip.so
7fcb32c5b000-7fcb32e5b000 ---p 0001a000 08:05 1322175                    /usr/java/jdk1.8.0_66/jre/lib/amd64/libzip.so
7fcb32e5b000-7fcb32e5c000 rw-p 0001a000 08:05 1322175                    /usr/java/jdk1.8.0_66/jre/lib/amd64/libzip.so
7fcb32e5c000-7fcb32e67000 r-xp 00000000 08:05 135401                     /lib/x86_64-linux-gnu/libnss_files-2.19.so
7fcb32e67000-7fcb33066000 ---p 0000b000 08:05 135401                     /lib/x86_64-linux-gnu/libnss_files-2.19.so
7fcb33066000-7fcb33067000 r--p 0000a000 08:05 135401                     /lib/x86_64-linux-gnu/libnss_files-2.19.so
7fcb33067000-7fcb33068000 rw-p 0000b000 08:05 135401                     /lib/x86_64-linux-gnu/libnss_files-2.19.so
7fcb33068000-7fcb33073000 r-xp 00000000 08:05 135411                     /lib/x86_64-linux-gnu/libnss_nis-2.19.so
7fcb33073000-7fcb33272000 ---p 0000b000 08:05 135411                     /lib/x86_64-linux-gnu/libnss_nis-2.19.so
7fcb33272000-7fcb33273000 r--p 0000a000 08:05 135411                     /lib/x86_64-linux-gnu/libnss_nis-2.19.so
7fcb33273000-7fcb33274000 rw-p 0000b000 08:05 135411                     /lib/x86_64-linux-gnu/libnss_nis-2.19.so
7fcb33274000-7fcb3328b000 r-xp 00000000 08:05 135395                     /lib/x86_64-linux-gnu/libnsl-2.19.so
7fcb3328b000-7fcb3348a000 ---p 00017000 08:05 135395                     /lib/x86_64-linux-gnu/libnsl-2.19.so
7fcb3348a000-7fcb3348b000 r--p 00016000 08:05 135395                     /lib/x86_64-linux-gnu/libnsl-2.19.so
7fcb3348b000-7fcb3348c000 rw-p 00017000 08:05 135395                     /lib/x86_64-linux-gnu/libnsl-2.19.so
7fcb3348c000-7fcb3348e000 rw-p 00000000 00:00 0 
7fcb3348e000-7fcb33497000 r-xp 00000000 08:05 135397                     /lib/x86_64-linux-gnu/libnss_compat-2.19.so
7fcb33497000-7fcb33696000 ---p 00009000 08:05 135397                     /lib/x86_64-linux-gnu/libnss_compat-2.19.so
7fcb33696000-7fcb33697000 r--p 00008000 08:05 135397                     /lib/x86_64-linux-gnu/libnss_compat-2.19.so
7fcb33697000-7fcb33698000 rw-p 00009000 08:05 135397                     /lib/x86_64-linux-gnu/libnss_compat-2.19.so
7fcb33698000-7fcb336c2000 r-xp 00000000 08:05 1322165                    /usr/java/jdk1.8.0_66/jre/lib/amd64/libjava.so
7fcb336c2000-7fcb338c2000 ---p 0002a000 08:05 1322165                    /usr/java/jdk1.8.0_66/jre/lib/amd64/libjava.so
7fcb338c2000-7fcb338c4000 rw-p 0002a000 08:05 1322165                    /usr/java/jdk1.8.0_66/jre/lib/amd64/libjava.so
7fcb338c4000-7fcb338d1000 r-xp 00000000 08:05 1322173                    /usr/java/jdk1.8.0_66/jre/lib/amd64/libverify.so
7fcb338d1000-7fcb33ad1000 ---p 0000d000 08:05 1322173                    /usr/java/jdk1.8.0_66/jre/lib/amd64/libverify.so
7fcb33ad1000-7fcb33ad3000 rw-p 0000d000 08:05 1322173                    /usr/java/jdk1.8.0_66/jre/lib/amd64/libverify.so
7fcb33ad3000-7fcb33ada000 r-xp 00000000 08:05 135454                     /lib/x86_64-linux-gnu/librt-2.19.so
7fcb33ada000-7fcb33cd9000 ---p 00007000 08:05 135454                     /lib/x86_64-linux-gnu/librt-2.19.so
7fcb33cd9000-7fcb33cda000 r--p 00006000 08:05 135454                     /lib/x86_64-linux-gnu/librt-2.19.so
7fcb33cda000-7fcb33cdb000 rw-p 00007000 08:05 135454                     /lib/x86_64-linux-gnu/librt-2.19.so
7fcb33cdb000-7fcb33de0000 r-xp 00000000 08:05 135376                     /lib/x86_64-linux-gnu/libm-2.19.so
7fcb33de0000-7fcb33fdf000 ---p 00105000 08:05 135376                     /lib/x86_64-linux-gnu/libm-2.19.so
7fcb33fdf000-7fcb33fe0000 r--p 00104000 08:05 135376                     /lib/x86_64-linux-gnu/libm-2.19.so
7fcb33fe0000-7fcb33fe1000 rw-p 00105000 08:05 135376                     /lib/x86_64-linux-gnu/libm-2.19.so
7fcb33fe1000-7fcb34c9f000 r-xp 00000000 08:05 1322131                    /usr/java/jdk1.8.0_66/jre/lib/amd64/server/libjvm.so
7fcb34c9f000-7fcb34e9e000 ---p 00cbe000 08:05 1322131                    /usr/java/jdk1.8.0_66/jre/lib/amd64/server/libjvm.so
7fcb34e9e000-7fcb34f77000 rw-p 00cbd000 08:05 1322131                    /usr/java/jdk1.8.0_66/jre/lib/amd64/server/libjvm.so
7fcb34f77000-7fcb34fbb000 rw-p 00000000 00:00 0 
7fcb34fbb000-7fcb35176000 r-xp 00000000 08:05 135326                     /lib/x86_64-linux-gnu/libc-2.19.so
7fcb35176000-7fcb35375000 ---p 001bb000 08:05 135326                     /lib/x86_64-linux-gnu/libc-2.19.so
7fcb35375000-7fcb35379000 r--p 001ba000 08:05 135326                     /lib/x86_64-linux-gnu/libc-2.19.so
7fcb35379000-7fcb3537b000 rw-p 001be000 08:05 135326                     /lib/x86_64-linux-gnu/libc-2.19.so
7fcb3537b000-7fcb35380000 rw-p 00000000 00:00 0 
7fcb35380000-7fcb35383000 r-xp 00000000 08:05 135343                     /lib/x86_64-linux-gnu/libdl-2.19.so
7fcb35383000-7fcb35582000 ---p 00003000 08:05 135343                     /lib/x86_64-linux-gnu/libdl-2.19.so
7fcb35582000-7fcb35583000 r--p 00002000 08:05 135343                     /lib/x86_64-linux-gnu/libdl-2.19.so
7fcb35583000-7fcb35584000 rw-p 00003000 08:05 135343                     /lib/x86_64-linux-gnu/libdl-2.19.so
7fcb35584000-7fcb35599000 r-xp 00000000 08:05 798228                     /usr/java/jdk1.8.0_66/lib/amd64/jli/libjli.so
7fcb35599000-7fcb35799000 ---p 00015000 08:05 798228                     /usr/java/jdk1.8.0_66/lib/amd64/jli/libjli.so
7fcb35799000-7fcb3579a000 rw-p 00015000 08:05 798228                     /usr/java/jdk1.8.0_66/lib/amd64/jli/libjli.so
7fcb3579a000-7fcb357b3000 r-xp 00000000 08:05 135446                     /lib/x86_64-linux-gnu/libpthread-2.19.so
7fcb357b3000-7fcb359b2000 ---p 00019000 08:05 135446                     /lib/x86_64-linux-gnu/libpthread-2.19.so
7fcb359b2000-7fcb359b3000 r--p 00018000 08:05 135446                     /lib/x86_64-linux-gnu/libpthread-2.19.so
7fcb359b3000-7fcb359b4000 rw-p 00019000 08:05 135446                     /lib/x86_64-linux-gnu/libpthread-2.19.so
7fcb359b4000-7fcb359b8000 rw-p 00000000 00:00 0 
7fcb359b8000-7fcb359db000 r-xp 00000000 08:05 135302                     /lib/x86_64-linux-gnu/ld-2.19.so
7fcb359e2000-7fcb35abb000 rw-p 00000000 00:00 0 
7fcb35abb000-7fcb35abe000 ---p 00000000 00:00 0 
7fcb35abe000-7fcb35bc0000 rw-p 00000000 00:00 0                          [stack:10397]
7fcb35bcd000-7fcb35bce000 rw-p 00000000 00:00 0 
7fcb35bce000-7fcb35bd6000 rw-s 00000000 08:05 1189861                    /tmp/hsperfdata_paz/10393
7fcb35bd6000-7fcb35bd7000 rw-p 00000000 00:00 0 
7fcb35bd7000-7fcb35bd8000 ---p 00000000 00:00 0 
7fcb35bd8000-7fcb35bda000 rw-p 00000000 00:00 0 
7fcb35bda000-7fcb35bdb000 r--p 00022000 08:05 135302                     /lib/x86_64-linux-gnu/ld-2.19.so
7fcb35bdb000-7fcb35bdc000 rw-p 00023000 08:05 135302                     /lib/x86_64-linux-gnu/ld-2.19.so
7fcb35bdc000-7fcb35bdd000 rw-p 00000000 00:00 0 
7ffdc7115000-7ffdc7136000 rw-p 00000000 00:00 0                          [stack]
7ffdc71a6000-7ffdc71a8000 r--p 00000000 00:00 0                          [vvar]
7ffdc71a8000-7ffdc71aa000 r-xp 00000000 00:00 0                          [vdso]
ffffffffff600000-ffffffffff601000 r-xp 00000000 00:00 0                  [vsyscall]

VM Arguments:
jvm_args: -Xmx1024M -Dfile.encoding=UTF-8 -Duser.country=US -Duser.language=en -Duser.variant 
java_command: com.android.dx.command.Main --dex --num-threads=4 --output /home/paz/Documents/teamup/team-up/team-up-android/app/build/intermediates/pre-dexed/debug/classes-c5de291b00a273389aacdca9c0ed5994f1f93968.jar /home/paz/Documents/teamup/team-up/team-up-android/app/build/intermediates/exploded-aar/com.google.android.gms/play-services-basement/8.3.0/jars/classes.jar
java_class_path (initial): /home/paz/Android/Sdk/build-tools/23.0.2/lib/dx.jar
Launcher Type: SUN_STANDARD

Environment Variables:
JAVA_HOME=/usr/lib/jvm/java-8-oracle
PATH=/usr/local/sbin:/usr/local/bin:/usr/sbin:/usr/bin:/sbin:/bin:/usr/games:/usr/local/games:/usr/lib/jvm/java-8-oracle/bin:/usr/lib/jvm/java-8-oracle/db/bin:/usr/lib/jvm/java-8-oracle/jre/bin
LD_LIBRARY_PATH=/home/paz/Downloads/android-studio/bin:
SHELL=/bin/bash
DISPLAY=:0

Signal Handlers:
SIGSEGV: [libjvm.so+0xaba2a0], sa_mask[0]=11111111011111111101111111111110, sa_flags=SA_RESTART|SA_SIGINFO
SIGBUS: [libjvm.so+0xaba2a0], sa_mask[0]=11111111011111111101111111111110, sa_flags=SA_RESTART|SA_SIGINFO
SIGFPE: [libjvm.so+0x917710], sa_mask[0]=11111111011111111101111111111110, sa_flags=SA_RESTART|SA_SIGINFO
SIGPIPE: [libjvm.so+0x917710], sa_mask[0]=11111111011111111101111111111110, sa_flags=SA_RESTART|SA_SIGINFO
SIGXFSZ: [libjvm.so+0x917710], sa_mask[0]=11111111011111111101111111111110, sa_flags=SA_RESTART|SA_SIGINFO
SIGILL: [libjvm.so+0x917710], sa_mask[0]=11111111011111111101111111111110, sa_flags=SA_RESTART|SA_SIGINFO
SIGUSR1: SIG_DFL, sa_mask[0]=00000000000000000000000000000000, sa_flags=none
SIGUSR2: [libjvm.so+0x918d40], sa_mask[0]=00100000000000000000000000000000, sa_flags=SA_RESTART|SA_SIGINFO
SIGHUP: [libjvm.so+0x91a140], sa_mask[0]=11111111011111111101111111111110, sa_flags=SA_RESTART|SA_SIGINFO
SIGINT: [libjvm.so+0x91a140], sa_mask[0]=11111111011111111101111111111110, sa_flags=SA_RESTART|SA_SIGINFO
SIGTERM: [libjvm.so+0x91a140], sa_mask[0]=11111111011111111101111111111110, sa_flags=SA_RESTART|SA_SIGINFO
SIGQUIT: [libjvm.so+0x91a140], sa_mask[0]=11111111011111111101111111111110, sa_flags=SA_RESTART|SA_SIGINFO


---------------  S Y S T E M  ---------------

OS:DISTRIB_ID=Ubuntu
DISTRIB_RELEASE=14.04
DISTRIB_CODENAME=trusty
DISTRIB_DESCRIPTION="Ubuntu 14.04.3 LTS"

uname:Linux 3.19.0-42-generic #48~14.04.1-Ubuntu SMP Fri Dec 18 10:24:49 UTC 2015 x86_64
libc:glibc 2.19 NPTL 2.19 
rlimit: STACK 8192k, CORE 0k, NPROC 23321, NOFILE 4096, AS infinity
load average:9,09 2,21 0,88

/proc/meminfo:
MemTotal:        5991728 kB
MemFree:         1010644 kB
MemAvailable:     989400 kB
Buffers:            2416 kB
Cached:           389564 kB
SwapCached:            0 kB
Active:          4422492 kB
Inactive:         339424 kB
Active(anon):    4397464 kB
Inactive(anon):   300100 kB
Active(file):      25028 kB
Inactive(file):    39324 kB
Unevictable:          48 kB
Mlocked:              48 kB
SwapTotal:             0 kB
SwapFree:              0 kB
Dirty:             12064 kB
Writeback:             0 kB
AnonPages:       4372464 kB
Mapped:           119844 kB
Shmem:            327360 kB
Slab:             103448 kB
SReclaimable:      62084 kB
SUnreclaim:        41364 kB
KernelStack:       12656 kB
PageTables:        43584 kB
NFS_Unstable:          0 kB
Bounce:                0 kB
WritebackTmp:          0 kB
CommitLimit:     2995864 kB
Committed_AS:    8453660 kB
VmallocTotal:   34359738367 kB
VmallocUsed:      375512 kB
VmallocChunk:   34359239196 kB
HardwareCorrupted:     0 kB
AnonHugePages:   2105344 kB
CmaTotal:              0 kB
CmaFree:               0 kB
HugePages_Total:       0
HugePages_Free:        0
HugePages_Rsvd:        0
HugePages_Surp:        0
Hugepagesize:       2048 kB
DirectMap4k:      152988 kB
DirectMap2M:     4970496 kB
DirectMap1G:     1048576 kB


CPU:total 8 (4 cores per cpu, 2 threads per core) family 6 model 60 stepping 3, cmov, cx8, fxsr, mmx, sse, sse2, sse3, ssse3, sse4.1, sse4.2, popcnt, avx, avx2, aes, clmul, erms, lzcnt, ht, tsc, tscinvbit, bmi1, bmi2

/proc/cpuinfo:
processor	: 0
vendor_id	: GenuineIntel
cpu family	: 6
model		: 60
model name	: Intel(R) Core(TM) i7-4710HQ CPU @ 2.50GHz
stepping	: 3
microcode	: 0x17
cpu MHz		: 3300.000
cache size	: 6144 KB
physical id	: 0
siblings	: 8
core id		: 0
cpu cores	: 4
apicid		: 0
initial apicid	: 0
fpu		: yes
fpu_exception	: yes
cpuid level	: 13
wp		: yes
flags		: fpu vme de pse tsc msr pae mce cx8 apic sep mtrr pge mca cmov pat pse36 clflush dts acpi mmx fxsr sse sse2 ss ht tm pbe syscall nx pdpe1gb rdtscp lm constant_tsc arch_perfmon pebs bts rep_good nopl xtopology nonstop_tsc aperfmperf eagerfpu pni pclmulqdq dtes64 monitor ds_cpl vmx est tm2 ssse3 fma cx16 xtpr pdcm pcid sse4_1 sse4_2 x2apic movbe popcnt tsc_deadline_timer aes xsave avx f16c rdrand lahf_lm abm ida arat epb pln pts dtherm tpr_shadow vnmi flexpriority ept vpid fsgsbase tsc_adjust bmi1 avx2 smep bmi2 erms invpcid xsaveopt
bugs		:
bogomips	: 4988.60
clflush size	: 64
cache_alignment	: 64
address sizes	: 39 bits physical, 48 bits virtual
power management:

processor	: 1
vendor_id	: GenuineIntel
cpu family	: 6
model		: 60
model name	: Intel(R) Core(TM) i7-4710HQ CPU @ 2.50GHz
stepping	: 3
microcode	: 0x17
cpu MHz		: 3300.000
cache size	: 6144 KB
physical id	: 0
siblings	: 8
core id		: 1
cpu cores	: 4
apicid		: 2
initial apicid	: 2
fpu		: yes
fpu_exception	: yes
cpuid level	: 13
wp		: yes
flags		: fpu vme de pse tsc msr pae mce cx8 apic sep mtrr pge mca cmov pat pse36 clflush dts acpi mmx fxsr sse sse2 ss ht tm pbe syscall nx pdpe1gb rdtscp lm constant_tsc arch_perfmon pebs bts rep_good nopl xtopology nonstop_tsc aperfmperf eagerfpu pni pclmulqdq dtes64 monitor ds_cpl vmx est tm2 ssse3 fma cx16 xtpr pdcm pcid sse4_1 sse4_2 x2apic movbe popcnt tsc_deadline_timer aes xsave avx f16c rdrand lahf_lm abm ida arat epb pln pts dtherm tpr_shadow vnmi flexpriority ept vpid fsgsbase tsc_adjust bmi1 avx2 smep bmi2 erms invpcid xsaveopt
bugs		:
bogomips	: 4988.60
clflush size	: 64
cache_alignment	: 64
address sizes	: 39 bits physical, 48 bits virtual
power management:

processor	: 2
vendor_id	: GenuineIntel
cpu family	: 6
model		: 60
model name	: Intel(R) Core(TM) i7-4710HQ CPU @ 2.50GHz
stepping	: 3
microcode	: 0x17
cpu MHz		: 2936.816
cache size	: 6144 KB
physical id	: 0
siblings	: 8
core id		: 2
cpu cores	: 4
apicid		: 4
initial apicid	: 4
fpu		: yes
fpu_exception	: yes
cpuid level	: 13
wp		: yes
flags		: fpu vme de pse tsc msr pae mce cx8 apic sep mtrr pge mca cmov pat pse36 clflush dts acpi mmx fxsr sse sse2 ss ht tm pbe syscall nx pdpe1gb rdtscp lm constant_tsc arch_perfmon pebs bts rep_good nopl xtopology nonstop_tsc aperfmperf eagerfpu pni pclmulqdq dtes64 monitor ds_cpl vmx est tm2 ssse3 fma cx16 xtpr pdcm pcid sse4_1 sse4_2 x2apic movbe popcnt tsc_deadline_timer aes xsave avx f16c rdrand lahf_lm abm ida arat epb pln pts dtherm tpr_shadow vnmi flexpriority ept vpid fsgsbase tsc_adjust bmi1 avx2 smep bmi2 erms invpcid xsaveopt
bugs		:
bogomips	: 4988.60
clflush size	: 64
cache_alignment	: 64
address sizes	: 39 bits physical, 48 bits virtual
power management:

processor	: 3
vendor_id	: GenuineIntel
cpu family	: 6
model		: 60
model name	: Intel(R) Core(TM) i7-4710HQ CPU @ 2.50GHz
stepping	: 3
microcode	: 0x17
cpu MHz		: 3118.359
cache size	: 6144 KB
physical id	: 0
siblings	: 8
core id		: 3
cpu cores	: 4
apicid		: 6
initial apicid	: 6
fpu		: yes
fpu_exception	: yes
cpuid level	: 13
wp		: yes
flags		: fpu vme de pse tsc msr pae mce cx8 apic sep mtrr pge mca cmov pat pse36 clflush dts acpi mmx fxsr sse sse2 ss ht tm pbe syscall nx pdpe1gb rdtscp lm constant_tsc arch_perfmon pebs bts rep_good nopl xtopology nonstop_tsc aperfmperf eagerfpu pni pclmulqdq dtes64 monitor ds_cpl vmx est tm2 ssse3 fma cx16 xtpr pdcm pcid sse4_1 sse4_2 x2apic movbe popcnt tsc_deadline_timer aes xsave avx f16c rdrand lahf_lm abm ida arat epb pln pts dtherm tpr_shadow vnmi flexpriority ept vpid fsgsbase tsc_adjust bmi1 avx2 smep bmi2 erms invpcid xsaveopt
bugs		:
bogomips	: 4988.60
clflush size	: 64
cache_alignment	: 64
address sizes	: 39 bits physical, 48 bits virtual
power management:

processor	: 4
vendor_id	: GenuineIntel
cpu family	: 6
model		: 60
model name	: Intel(R) Core(TM) i7-4710HQ CPU @ 2.50GHz
stepping	: 3
microcode	: 0x17
cpu MHz		: 2965.429
cache size	: 6144 KB
physical id	: 0
siblings	: 8
core id		: 0
cpu cores	: 4
apicid		: 1
initial apicid	: 1
fpu		: yes
fpu_exception	: yes
cpuid level	: 13
wp		: yes
flags		: fpu vme de pse tsc msr pae mce cx8 apic sep mtrr pge mca cmov pat pse36 clflush dts acpi mmx fxsr sse sse2 ss ht tm pbe syscall nx pdpe1gb rdtscp lm constant_tsc arch_perfmon pebs bts rep_good nopl xtopology nonstop_tsc aperfmperf eagerfpu pni pclmulqdq dtes64 monitor ds_cpl vmx est tm2 ssse3 fma cx16 xtpr pdcm pcid sse4_1 sse4_2 x2apic movbe popcnt tsc_deadline_timer aes xsave avx f16c rdrand lahf_lm abm ida arat epb pln pts dtherm tpr_shadow vnmi flexpriority ept vpid fsgsbase tsc_adjust bmi1 avx2 smep bmi2 erms invpcid xsaveopt
bugs		:
bogomips	: 4988.60
clflush size	: 64
cache_alignment	: 64
address sizes	: 39 bits physical, 48 bits virtual
power management:

processor	: 5
vendor_id	: GenuineIntel
cpu family	: 6
model		: 60
model name	: Intel(R) Core(TM) i7-4710HQ CPU @ 2.50GHz
stepping	: 3
microcode	: 0x17
cpu MHz		: 3274.804
cache size	: 6144 KB
physical id	: 0
siblings	: 8
core id		: 1
cpu cores	: 4
apicid		: 3
initial apicid	: 3
fpu		: yes
fpu_exception	: yes
cpuid level	: 13
wp		: yes
flags		: fpu vme de pse tsc msr pae mce cx8 apic sep mtrr pge mca cmov pat pse36 clflush dts acpi mmx fxsr sse sse2 ss ht tm pbe syscall nx pdpe1gb rdtscp lm constant_tsc arch_perfmon pebs bts rep_good nopl xtopology nonstop_tsc aperfmperf eagerfpu pni pclmulqdq dtes64 monitor ds_cpl vmx est tm2 ssse3 fma cx16 xtpr pdcm pcid sse4_1 sse4_2 x2apic movbe popcnt tsc_deadline_timer aes xsave avx f16c rdrand lahf_lm abm ida arat epb pln pts dtherm tpr_shadow vnmi flexpriority ept vpid fsgsbase tsc_adjust bmi1 avx2 smep bmi2 erms invpcid xsaveopt
bugs		:
bogomips	: 4988.60
clflush size	: 64
cache_alignment	: 64
address sizes	: 39 bits physical, 48 bits virtual
power management:

processor	: 6
vendor_id	: GenuineIntel
cpu family	: 6
model		: 60
model name	: Intel(R) Core(TM) i7-4710HQ CPU @ 2.50GHz
stepping	: 3
microcode	: 0x17
cpu MHz		: 3239.843
cache size	: 6144 KB
physical id	: 0
siblings	: 8
core id		: 2
cpu cores	: 4
apicid		: 5
initial apicid	: 5
fpu		: yes
fpu_exception	: yes
cpuid level	: 13
wp		: yes
flags		: fpu vme de pse tsc msr pae mce cx8 apic sep mtrr pge mca cmov pat pse36 clflush dts acpi mmx fxsr sse sse2 ss ht tm pbe syscall nx pdpe1gb rdtscp lm constant_tsc arch_perfmon pebs bts rep_good nopl xtopology nonstop_tsc aperfmperf eagerfpu pni pclmulqdq dtes64 monitor ds_cpl vmx est tm2 ssse3 fma cx16 xtpr pdcm pcid sse4_1 sse4_2 x2apic movbe popcnt tsc_deadline_timer aes xsave avx f16c rdrand lahf_lm abm ida arat epb pln pts dtherm tpr_shadow vnmi flexpriority ept vpid fsgsbase tsc_adjust bmi1 avx2 smep bmi2 erms invpcid xsaveopt
bugs		:
bogomips	: 4988.60
clflush size	: 64
cache_alignment	: 64
address sizes	: 39 bits physical, 48 bits virtual
power management:

processor	: 7
vendor_id	: GenuineIntel
cpu family	: 6
model		: 60
model name	: Intel(R) Core(TM) i7-4710HQ CPU @ 2.50GHz
stepping	: 3
microcode	: 0x17
cpu MHz		: 3255.468
cache size	: 6144 KB
physical id	: 0
siblings	: 8
core id		: 3
cpu cores	: 4
apicid		: 7
initial apicid	: 7
fpu		: yes
fpu_exception	: yes
cpuid level	: 13
wp		: yes
flags		: fpu vme de pse tsc msr pae mce cx8 apic sep mtrr pge mca cmov pat pse36 clflush dts acpi mmx fxsr sse sse2 ss ht tm pbe syscall nx pdpe1gb rdtscp lm constant_tsc arch_perfmon pebs bts rep_good nopl xtopology nonstop_tsc aperfmperf eagerfpu pni pclmulqdq dtes64 monitor ds_cpl vmx est tm2 ssse3 fma cx16 xtpr pdcm pcid sse4_1 sse4_2 x2apic movbe popcnt tsc_deadline_timer aes xsave avx f16c rdrand lahf_lm abm ida arat epb pln pts dtherm tpr_shadow vnmi flexpriority ept vpid fsgsbase tsc_adjust bmi1 avx2 smep bmi2 erms invpcid xsaveopt
bugs		:
bogomips	: 4988.60
clflush size	: 64
cache_alignment	: 64
address sizes	: 39 bits physical, 48 bits virtual
power management:



Memory: 4k page, physical 5991728k(1010644k free), swap 0k(0k free)

vm_info: Java HotSpot(TM) 64-Bit Server VM (25.66-b17) for linux-amd64 JRE (1.8.0_66-b17), built on Oct  6 2015 17:28:34 by "java_re" with gcc 4.3.0 20080428 (Red Hat 4.3.0-8)

time: Tue Jan 19 19:36:25 2016
elapsed time: 13 seconds (0d 0h 0m 13s)

