#
# There is insufficient memory for the Java Runtime Environment to continue.
# Native memory allocation (mmap) failed to map 83886080 bytes for committing reserved memory.
# Possible reasons:
#   The system is out of physical RAM or swap space
#   In 32 bit mode, the process size limit was hit
# Possible solutions:
#   Reduce memory load on the system
#   Increase physical memory or swap space
#   Check if swap backing store is full
#   Use 64 bit Java on a 64 bit OS
#   Decrease Java heap size (-Xmx/-Xms)
#   Decrease number of Java threads
#   Decrease Java thread stack sizes (-Xss)
#   Set larger code cache with -XX:ReservedCodeCacheSize=
# This output file may be truncated or incomplete.
#
#  Out of Memory Error (os_linux.cpp:2627), pid=19502, tid=139937646094080
#
# JRE version: Java(TM) SE Runtime Environment (8.0_65-b17) (build 1.8.0_65-b17)
# Java VM: Java HotSpot(TM) 64-Bit Server VM (25.65-b01 mixed mode linux-amd64 compressed oops)
# Failed to write core dump. Core dumps have been disabled. To enable core dumping, try "ulimit -c unlimited" before starting Java again
#

---------------  T H R E A D  ---------------

Current thread (0x00007f45dc079000):  VMThread [stack: 0x00007f45c59fa000,0x00007f45c5afb000] [id=19512]

Stack: [0x00007f45c59fa000,0x00007f45c5afb000],  sp=0x00007f45c5af91e0,  free space=1020k
Native frames: (J=compiled Java code, j=interpreted, Vv=VM code, C=native code)
V  [libjvm.so+0xab97ea]  VMError::report_and_die()+0x2ba
V  [libjvm.so+0x4f9dcb]  report_vm_out_of_memory(char const*, int, unsigned long, VMErrorType, char const*)+0x8b
V  [libjvm.so+0x91a7c3]  os::Linux::commit_memory_impl(char*, unsigned long, bool)+0x103
V  [libjvm.so+0x91ad19]  os::pd_commit_memory(char*, unsigned long, unsigned long, bool)+0x29
V  [libjvm.so+0x91502a]  os::commit_memory(char*, unsigned long, unsigned long, bool)+0x2a
V  [libjvm.so+0x9886d3]  PSVirtualSpace::expand_by(unsigned long)+0x53
V  [libjvm.so+0x989ad8]  PSYoungGen::resize_generation(unsigned long, unsigned long)+0xf8
V  [libjvm.so+0x988c32]  PSYoungGen::resize(unsigned long, unsigned long)+0x22
V  [libjvm.so+0x985f0b]  PSScavenge::invoke_no_policy()+0xf3b
V  [libjvm.so+0x986691]  PSScavenge::invoke()+0x41
V  [libjvm.so+0x93e430]  ParallelScavengeHeap::failed_mem_allocate(unsigned long)+0x70
V  [libjvm.so+0xabb207]  VM_ParallelGCFailedAllocation::doit()+0x97
V  [libjvm.so+0xac2c35]  VM_Operation::evaluate()+0x55
V  [libjvm.so+0xac100a]  VMThread::evaluate_operation(VM_Operation*)+0xba
V  [libjvm.so+0xac138e]  VMThread::loop()+0x1ce
V  [libjvm.so+0xac1800]  VMThread::run()+0x70
V  [libjvm.so+0x91cb88]  java_start(Thread*)+0x108

VM_Operation (0x00007f45e429d460): ParallelGCFailedAllocation, mode: safepoint, requested by thread 0x00007f45dc00b000


---------------  P R O C E S S  ---------------

Java Threads: ( => current thread )
  0x00007f45dc0cc800 JavaThread "Service Thread" daemon [_thread_blocked, id=19519, stack(0x00007f45c4ae0000,0x00007f45c4be1000)]
  0x00007f45dc0bf800 JavaThread "C1 CompilerThread2" daemon [_thread_blocked, id=19518, stack(0x00007f45c4be1000,0x00007f45c4ce2000)]
  0x00007f45dc0bd800 JavaThread "C2 CompilerThread1" daemon [_thread_blocked, id=19517, stack(0x00007f45c4ce2000,0x00007f45c4de3000)]
  0x00007f45dc0ba800 JavaThread "C2 CompilerThread0" daemon [_thread_blocked, id=19516, stack(0x00007f45c4de3000,0x00007f45c4ee4000)]
  0x00007f45dc0b9000 JavaThread "Signal Dispatcher" daemon [_thread_blocked, id=19515, stack(0x00007f45c4ee4000,0x00007f45c4fe5000)]
  0x00007f45dc080000 JavaThread "Finalizer" daemon [_thread_blocked, id=19514, stack(0x00007f45c57f8000,0x00007f45c58f9000)]
  0x00007f45dc07e000 JavaThread "Reference Handler" daemon [_thread_blocked, id=19513, stack(0x00007f45c58f9000,0x00007f45c59fa000)]
  0x00007f45dc00b000 JavaThread "main" [_thread_blocked, id=19507, stack(0x00007f45e419e000,0x00007f45e429f000)]

Other Threads:
=>0x00007f45dc079000 VMThread [stack: 0x00007f45c59fa000,0x00007f45c5afb000] [id=19512]
  0x00007f45dc0cf800 WatcherThread [stack: 0x00007f45c49df000,0x00007f45c4ae0000] [id=19520]

VM state:at safepoint (normal execution)

VM Mutex/Monitor currently owned by a thread:  ([mutex/lock_event])
[0x00007f45dc0077f0] Threads_lock - owner thread: 0x00007f45dc079000
[0x00007f45dc007cf0] Heap_lock - owner thread: 0x00007f45dc00b000

Heap:
 PSYoungGen      total 64000K, used 2532K [0x00000000eab00000, 0x00000000eec00000, 0x0000000100000000)
  eden space 61440K, 0% used [0x00000000eab00000,0x00000000eab00000,0x00000000ee700000)
  from space 2560K, 98% used [0x00000000ee700000,0x00000000ee979088,0x00000000ee980000)
  to   space 2560K, 0% used [0x00000000ee980000,0x00000000ee980000,0x00000000eec00000)
 ParOldGen       total 40960K, used 22339K [0x00000000c0000000, 0x00000000c2800000, 0x00000000eab00000)
  object space 40960K, 54% used [0x00000000c0000000,0x00000000c15d0e38,0x00000000c2800000)
 Metaspace       used 7423K, capacity 7928K, committed 8192K, reserved 1056768K
  class space    used 722K, capacity 752K, committed 768K, reserved 1048576K

Card table byte_map: [0x00007f45e0d63000,0x00007f45e0f64000] byte_map_base: 0x00007f45e0763000

Marking Bits: (ParMarkBitMap*) 0x00007f45e3672de0
 Begin Bits: [0x00007f45c6000000, 0x00007f45c7000000)
 End Bits:   [0x00007f45c7000000, 0x00007f45c8000000)

Polling page: 0x00007f45e42ba000

CodeCache: size=245760Kb used=7014Kb max_used=7022Kb free=238745Kb
 bounds [0x00007f45cd000000, 0x00007f45cd6f0000, 0x00007f45dc000000]
 total_blobs=2534 nmethods=2243 adapters=204
 compilation: enabled

Compilation events (10 events):
Event: 5,713 Thread 0x00007f45dc0ba800 nmethod 2283 0x00007f45cd6d9710 code [0x00007f45cd6d9b80, 0x00007f45cd6ddd50]
Event: 5,713 Thread 0x00007f45dc0ba800 2154       4       com.android.dx.io.Opcodes::isValidShape (46 bytes)
Event: 5,714 Thread 0x00007f45dc0ba800 nmethod 2154 0x00007f45cd6d6790 code [0x00007f45cd6d68e0, 0x00007f45cd6d6978]
Event: 5,714 Thread 0x00007f45dc0ba800 2034   !   4       com.android.dex.Dex$Section::writeUleb128 (55 bytes)
Event: 5,716 Thread 0x00007f45dc0bf800 2310       2       java.util.zip.Adler32::update (51 bytes)
Event: 5,717 Thread 0x00007f45dc0bf800 nmethod 2310 0x00007f45cd6d5d90 code [0x00007f45cd6d5f20, 0x00007f45cd6d6208]
Event: 5,721 Thread 0x00007f45dc0ba800 nmethod 2034 0x00007f45cd6d7650 code [0x00007f45cd6d77c0, 0x00007f45cd6d7a38]
Event: 5,721 Thread 0x00007f45dc0ba800 1786       4       com.android.dex.Dex$Section::getPosition (8 bytes)
Event: 5,722 Thread 0x00007f45dc0bf800 2312       2       com.android.dex.TableOfContents$Section::<init> (26 bytes)
Event: 5,722 Thread 0x00007f45dc0bf800 nmethod 2312 0x00007f45cd6d7310 code [0x00007f45cd6d7460, 0x00007f45cd6d75d0]

GC Heap History (9 events):
Event: 1,978 GC heap before
{Heap before GC invocations=1 (full 0):
 PSYoungGen      total 17920K, used 15360K [0x00000000eab00000, 0x00000000ebf00000, 0x0000000100000000)
  eden space 15360K, 100% used [0x00000000eab00000,0x00000000eba00000,0x00000000eba00000)
  from space 2560K, 0% used [0x00000000ebc80000,0x00000000ebc80000,0x00000000ebf00000)
  to   space 2560K, 0% used [0x00000000eba00000,0x00000000eba00000,0x00000000ebc80000)
 ParOldGen       total 40960K, used 0K [0x00000000c0000000, 0x00000000c2800000, 0x00000000eab00000)
  object space 40960K, 0% used [0x00000000c0000000,0x00000000c0000000,0x00000000c2800000)
 Metaspace       used 5387K, capacity 6640K, committed 6784K, reserved 1056768K
  class space    used 560K, capacity 616K, committed 640K, reserved 1048576K
Event: 1,998 GC heap after
Heap after GC invocations=1 (full 0):
 PSYoungGen      total 17920K, used 2534K [0x00000000eab00000, 0x00000000ece00000, 0x0000000100000000)
  eden space 15360K, 0% used [0x00000000eab00000,0x00000000eab00000,0x00000000eba00000)
  from space 2560K, 99% used [0x00000000eba00000,0x00000000ebc79b20,0x00000000ebc80000)
  to   space 2560K, 0% used [0x00000000ecb80000,0x00000000ecb80000,0x00000000ece00000)
 ParOldGen       total 40960K, used 1791K [0x00000000c0000000, 0x00000000c2800000, 0x00000000eab00000)
  object space 40960K, 4% used [0x00000000c0000000,0x00000000c01bff10,0x00000000c2800000)
 Metaspace       used 5387K, capacity 6640K, committed 6784K, reserved 1056768K
  class space    used 560K, capacity 616K, committed 640K, reserved 1048576K
}
Event: 2,257 GC heap before
{Heap before GC invocations=2 (full 0):
 PSYoungGen      total 17920K, used 17894K [0x00000000eab00000, 0x00000000ece00000, 0x0000000100000000)
  eden space 15360K, 100% used [0x00000000eab00000,0x00000000eba00000,0x00000000eba00000)
  from space 2560K, 99% used [0x00000000eba00000,0x00000000ebc79b20,0x00000000ebc80000)
  to   space 2560K, 0% used [0x00000000ecb80000,0x00000000ecb80000,0x00000000ece00000)
 ParOldGen       total 40960K, used 1791K [0x00000000c0000000, 0x00000000c2800000, 0x00000000eab00000)
  object space 40960K, 4% used [0x00000000c0000000,0x00000000c01bff10,0x00000000c2800000)
 Metaspace       used 5594K, capacity 6768K, committed 7040K, reserved 1056768K
  class space    used 569K, capacity 616K, committed 640K, reserved 1048576K
Event: 2,274 GC heap after
Heap after GC invocations=2 (full 0):
 PSYoungGen      total 33280K, used 2557K [0x00000000eab00000, 0x00000000ece00000, 0x0000000100000000)
  eden space 30720K, 0% used [0x00000000eab00000,0x00000000eab00000,0x00000000ec900000)
  from space 2560K, 99% used [0x00000000ecb80000,0x00000000ecdff5b8,0x00000000ece00000)
  to   space 2560K, 0% used [0x00000000ec900000,0x00000000ec900000,0x00000000ecb80000)
 ParOldGen       total 40960K, used 5541K [0x00000000c0000000, 0x00000000c2800000, 0x00000000eab00000)
  object space 40960K, 13% used [0x00000000c0000000,0x00000000c05695f8,0x00000000c2800000)
 Metaspace       used 5594K, capacity 6768K, committed 7040K, reserved 1056768K
  class space    used 569K, capacity 616K, committed 640K, reserved 1048576K
}
Event: 2,926 GC heap before
{Heap before GC invocations=3 (full 0):
 PSYoungGen      total 33280K, used 33277K [0x00000000eab00000, 0x00000000ece00000, 0x0000000100000000)
  eden space 30720K, 100% used [0x00000000eab00000,0x00000000ec900000,0x00000000ec900000)
  from space 2560K, 99% used [0x00000000ecb80000,0x00000000ecdff5b8,0x00000000ece00000)
  to   space 2560K, 0% used [0x00000000ec900000,0x00000000ec900000,0x00000000ecb80000)
 ParOldGen       total 40960K, used 5541K [0x00000000c0000000, 0x00000000c2800000, 0x00000000eab00000)
  object space 40960K, 13% used [0x00000000c0000000,0x00000000c05695f8,0x00000000c2800000)
 Metaspace       used 5925K, capacity 6896K, committed 7040K, reserved 1056768K
  class space    used 591K, capacity 616K, committed 640K, reserved 1048576K
Event: 2,995 GC heap after
Heap after GC invocations=3 (full 0):
 PSYoungGen      total 33280K, used 2549K [0x00000000eab00000, 0x00000000eec00000, 0x0000000100000000)
  eden space 30720K, 0% used [0x00000000eab00000,0x00000000eab00000,0x00000000ec900000)
  from space 2560K, 99% used [0x00000000ec900000,0x00000000ecb7d5c8,0x00000000ecb80000)
  to   space 2560K, 0% used [0x00000000ee980000,0x00000000ee980000,0x00000000eec00000)
 ParOldGen       total 40960K, used 12482K [0x00000000c0000000, 0x00000000c2800000, 0x00000000eab00000)
  object space 40960K, 30% used [0x00000000c0000000,0x00000000c0c30840,0x00000000c2800000)
 Metaspace       used 5925K, capacity 6896K, committed 7040K, reserved 1056768K
  class space    used 591K, capacity 616K, committed 640K, reserved 1048576K
}
Event: 4,748 GC heap before
{Heap before GC invocations=4 (full 0):
 PSYoungGen      total 33280K, used 33269K [0x00000000eab00000, 0x00000000eec00000, 0x0000000100000000)
  eden space 30720K, 100% used [0x00000000eab00000,0x00000000ec900000,0x00000000ec900000)
  from space 2560K, 99% used [0x00000000ec900000,0x00000000ecb7d5c8,0x00000000ecb80000)
  to   space 2560K, 0% used [0x00000000ee980000,0x00000000ee980000,0x00000000eec00000)
 ParOldGen       total 40960K, used 12482K [0x00000000c0000000, 0x00000000c2800000, 0x00000000eab00000)
  object space 40960K, 30% used [0x00000000c0000000,0x00000000c0c30840,0x00000000c2800000)
 Metaspace       used 6887K, capacity 7416K, committed 7680K, reserved 1056768K
  class space    used 669K, capacity 688K, committed 768K, reserved 1048576K
Event: 4,811 GC heap after
Heap after GC invocations=4 (full 0):
 PSYoungGen      total 64000K, used 2545K [0x00000000eab00000, 0x00000000eec00000, 0x0000000100000000)
  eden space 61440K, 0% used [0x00000000eab00000,0x00000000eab00000,0x00000000ee700000)
  from space 2560K, 99% used [0x00000000ee980000,0x00000000eebfc740,0x00000000eec00000)
  to   space 2560K, 0% used [0x00000000ee700000,0x00000000ee700000,0x00000000ee980000)
 ParOldGen       total 40960K, used 20524K [0x00000000c0000000, 0x00000000c2800000, 0x00000000eab00000)
  object space 40960K, 50% used [0x00000000c0000000,0x00000000c140b1c8,0x00000000c2800000)
 Metaspace       used 6887K, capacity 7416K, committed 7680K, reserved 1056768K
  class space    used 669K, capacity 688K, committed 768K, reserved 1048576K
}
Event: 5,722 GC heap before
{Heap before GC invocations=5 (full 0):
 PSYoungGen      total 64000K, used 62004K [0x00000000eab00000, 0x00000000eec00000, 0x0000000100000000)
  eden space 61440K, 96% used [0x00000000eab00000,0x00000000ee510ae0,0x00000000ee700000)
  from space 2560K, 99% used [0x00000000ee980000,0x00000000eebfc740,0x00000000eec00000)
  to   space 2560K, 0% used [0x00000000ee700000,0x00000000ee700000,0x00000000ee980000)
 ParOldGen       total 40960K, used 20524K [0x00000000c0000000, 0x00000000c2800000, 0x00000000eab00000)
  object space 40960K, 50% used [0x00000000c0000000,0x00000000c140b1c8,0x00000000c2800000)
 Metaspace       used 7423K, capacity 7928K, committed 8192K, reserved 1056768K
  class space    used 722K, capacity 752K, committed 768K, reserved 1048576K

Deoptimization events (10 events):
Event: 4,913 Thread 0x00007f45dc00b000 Uncommon trap: reason=class_check action=maybe_recompile pc=0x00007f45cd5a58dc method=com.android.dex.Leb128.readUnsignedLeb128(Lcom/android/dex/util/ByteInput;)I @ 5
Event: 4,913 Thread 0x00007f45dc00b000 Uncommon trap: reason=class_check action=maybe_recompile pc=0x00007f45cd5a58dc method=com.android.dex.Leb128.readUnsignedLeb128(Lcom/android/dex/util/ByteInput;)I @ 5
Event: 4,914 Thread 0x00007f45dc00b000 Uncommon trap: reason=unstable_if action=reinterpret pc=0x00007f45cd51e704 method=com.android.dx.util.ByteArrayAnnotatedOutput.ensureCapacity(I)V @ 6
Event: 4,914 Thread 0x00007f45dc00b000 Uncommon trap: reason=unstable_if action=reinterpret pc=0x00007f45cd51643c method=com.android.dx.util.ByteArrayAnnotatedOutput.ensureCapacity(I)V @ 6
Event: 4,934 Thread 0x00007f45dc00b000 Uncommon trap: reason=predicate action=maybe_recompile pc=0x00007f45cd5e2a58 method=com.android.dex.Leb128.readUnsignedLeb128(Lcom/android/dex/util/ByteInput;)I @ 41
Event: 4,968 Thread 0x00007f45dc00b000 Uncommon trap: reason=unstable_if action=reinterpret pc=0x00007f45cd54e068 method=java.util.HashMap.putVal(ILjava/lang/Object;Ljava/lang/Object;ZZ)Ljava/lang/Object; @ 162
Event: 4,968 Thread 0x00007f45dc00b000 Uncommon trap: reason=unstable_if action=reinterpret pc=0x00007f45cd5e8c24 method=java.util.HashMap.resize()[Ljava/util/HashMap$Node; @ 206
Event: 4,988 Thread 0x00007f45dc00b000 Uncommon trap: reason=unstable_if action=reinterpret pc=0x00007f45cd61cbd8 method=com.android.dex.EncodedValueCodec.readUnsignedInt(Lcom/android/dex/util/ByteInput;IZ)I @ 3
Event: 5,075 Thread 0x00007f45dc00b000 Uncommon trap: reason=unstable_if action=reinterpret pc=0x00007f45cd386c04 method=java.util.HashMap.getNode(ILjava/lang/Object;)Ljava/util/HashMap$Node; @ 84
Event: 5,076 Thread 0x00007f45dc00b000 Uncommon trap: reason=unstable_if action=reinterpret pc=0x00007f45cd387240 method=java.util.HashMap.getNode(ILjava/lang/Object;)Ljava/util/HashMap$Node; @ 84

Internal exceptions (3 events):
Event: 0,465 Thread 0x00007f45dc00b000 Exception <a 'java/lang/NoSuchMethodError': Method sun.misc.Unsafe.defineClass(Ljava/lang/String;[BII)Ljava/lang/Class; name or signature does not match> (0x00000000eab12b98) thrown at [/HUDSON/workspace/8-2-build-linux-amd64/jdk8u65/4987/hotspot/src/shar
Event: 0,465 Thread 0x00007f45dc00b000 Exception <a 'java/lang/NoSuchMethodError': Method sun.misc.Unsafe.prefetchRead(Ljava/lang/Object;J)V name or signature does not match> (0x00000000eab12e80) thrown at [/HUDSON/workspace/8-2-build-linux-amd64/jdk8u65/4987/hotspot/src/share/vm/prims/jni.cpp
Event: 2,333 Thread 0x00007f45dc00b000 Implicit null exception at 0x00007f45cd31c0a2 to 0x00007f45cd31c193

Events (10 events):
Event: 5,711 Thread 0x00007f45dc00b000 DEOPT UNPACKING pc=0x00007f45cd047633 sp=0x00007f45e429d0a0 mode 0
Event: 5,711 Thread 0x00007f45dc00b000 DEOPT PACKING pc=0x00007f45cd54c33e sp=0x00007f45e429d380
Event: 5,711 Thread 0x00007f45dc00b000 DEOPT UNPACKING pc=0x00007f45cd047633 sp=0x00007f45e429d0a0 mode 0
Event: 5,712 Thread 0x00007f45dc00b000 DEOPT PACKING pc=0x00007f45cd54c33e sp=0x00007f45e429d380
Event: 5,712 Thread 0x00007f45dc00b000 DEOPT UNPACKING pc=0x00007f45cd047633 sp=0x00007f45e429d0a0 mode 0
Event: 5,712 Thread 0x00007f45dc00b000 DEOPT PACKING pc=0x00007f45cd54c33e sp=0x00007f45e429d380
Event: 5,712 Thread 0x00007f45dc00b000 DEOPT UNPACKING pc=0x00007f45cd047633 sp=0x00007f45e429d0a0 mode 0
Event: 5,712 Thread 0x00007f45dc00b000 DEOPT PACKING pc=0x00007f45cd54c33e sp=0x00007f45e429d380
Event: 5,712 Thread 0x00007f45dc00b000 DEOPT UNPACKING pc=0x00007f45cd047633 sp=0x00007f45e429d0a0 mode 0
Event: 5,722 Executing VM operation: ParallelGCFailedAllocation


Dynamic libraries:
00400000-00401000 r-xp 00000000 08:05 12719684                           /usr/share/jdk1.8.0_65/bin/java
00600000-00601000 rw-p 00000000 08:05 12719684                           /usr/share/jdk1.8.0_65/bin/java
00bb3000-00bd4000 rw-p 00000000 00:00 0                                  [heap]
c0000000-c2800000 rw-p 00000000 00:00 0 
c2800000-eab00000 ---p 00000000 00:00 0 
eab00000-eec00000 rw-p 00000000 00:00 0 
f3c00000-100000000 ---p 00000000 00:00 0 
100000000-1000c0000 rw-p 00000000 00:00 0 
1000c0000-140000000 ---p 00000000 00:00 0 
7f4578000000-7f4578025000 rw-p 00000000 00:00 0 
7f4578025000-7f457c000000 ---p 00000000 00:00 0 
7f4580000000-7f4580021000 rw-p 00000000 00:00 0 
7f4580021000-7f4584000000 ---p 00000000 00:00 0 
7f4584000000-7f4584021000 rw-p 00000000 00:00 0 
7f4584021000-7f4588000000 ---p 00000000 00:00 0 
7f4588000000-7f458802b000 rw-p 00000000 00:00 0 
7f458802b000-7f458c000000 ---p 00000000 00:00 0 
7f458c000000-7f458c021000 rw-p 00000000 00:00 0 
7f458c021000-7f4590000000 ---p 00000000 00:00 0 
7f4590000000-7f4590021000 rw-p 00000000 00:00 0 
7f4590021000-7f4594000000 ---p 00000000 00:00 0 
7f4594000000-7f4594021000 rw-p 00000000 00:00 0 
7f4594021000-7f4598000000 ---p 00000000 00:00 0 
7f4598000000-7f4598f98000 rw-p 00000000 00:00 0 
7f4598f98000-7f459c000000 ---p 00000000 00:00 0 
7f459c000000-7f459c6d6000 rw-p 00000000 00:00 0 
7f459c6d6000-7f45a0000000 ---p 00000000 00:00 0 
7f45a0000000-7f45a0021000 rw-p 00000000 00:00 0 
7f45a0021000-7f45a4000000 ---p 00000000 00:00 0 
7f45a4000000-7f45a5137000 rw-p 00000000 00:00 0 
7f45a5137000-7f45a8000000 ---p 00000000 00:00 0 
7f45a8000000-7f45a8021000 rw-p 00000000 00:00 0 
7f45a8021000-7f45ac000000 ---p 00000000 00:00 0 
7f45ac000000-7f45ac021000 rw-p 00000000 00:00 0 
7f45ac021000-7f45b0000000 ---p 00000000 00:00 0 
7f45b0000000-7f45b0021000 rw-p 00000000 00:00 0 
7f45b0021000-7f45b4000000 ---p 00000000 00:00 0 
7f45b4000000-7f45b4293000 rw-p 00000000 00:00 0 
7f45b4293000-7f45b8000000 ---p 00000000 00:00 0 
7f45b8000000-7f45b8021000 rw-p 00000000 00:00 0 
7f45b8021000-7f45bc000000 ---p 00000000 00:00 0 
7f45c0000000-7f45c0021000 rw-p 00000000 00:00 0 
7f45c0021000-7f45c4000000 ---p 00000000 00:00 0 
7f45c44da000-7f45c44dd000 ---p 00000000 00:00 0 
7f45c44dd000-7f45c45db000 rw-p 00000000 00:00 0 
7f45c45db000-7f45c45de000 ---p 00000000 00:00 0 
7f45c45de000-7f45c46dc000 rw-p 00000000 00:00 0 
7f45c46dc000-7f45c46df000 ---p 00000000 00:00 0 
7f45c46df000-7f45c47dd000 rw-p 00000000 00:00 0 
7f45c47dd000-7f45c47e0000 ---p 00000000 00:00 0 
7f45c47e0000-7f45c48de000 rw-p 00000000 00:00 0 
7f45c48de000-7f45c48e1000 ---p 00000000 00:00 0 
7f45c48e1000-7f45c49df000 rw-p 00000000 00:00 0 
7f45c49df000-7f45c49e0000 ---p 00000000 00:00 0 
7f45c49e0000-7f45c4ae0000 rw-p 00000000 00:00 0                          [stack:19520]
7f45c4ae0000-7f45c4ae3000 ---p 00000000 00:00 0 
7f45c4ae3000-7f45c4be1000 rw-p 00000000 00:00 0                          [stack:19519]
7f45c4be1000-7f45c4be4000 ---p 00000000 00:00 0 
7f45c4be4000-7f45c4ce2000 rw-p 00000000 00:00 0                          [stack:19518]
7f45c4ce2000-7f45c4ce5000 ---p 00000000 00:00 0 
7f45c4ce5000-7f45c4de3000 rw-p 00000000 00:00 0                          [stack:19517]
7f45c4de3000-7f45c4de6000 ---p 00000000 00:00 0 
7f45c4de6000-7f45c4ee4000 rw-p 00000000 00:00 0                          [stack:19516]
7f45c4ee4000-7f45c4ee7000 ---p 00000000 00:00 0 
7f45c4ee7000-7f45c4fe5000 rw-p 00000000 00:00 0                          [stack:19515]
7f45c4fe5000-7f45c57f8000 r--p 00000000 08:05 12458592                   /usr/lib/locale/locale-archive
7f45c57f8000-7f45c57fb000 ---p 00000000 00:00 0 
7f45c57fb000-7f45c58f9000 rw-p 00000000 00:00 0                          [stack:19514]
7f45c58f9000-7f45c58fc000 ---p 00000000 00:00 0 
7f45c58fc000-7f45c59fa000 rw-p 00000000 00:00 0                          [stack:19513]
7f45c59fa000-7f45c59fb000 ---p 00000000 00:00 0 
7f45c59fb000-7f45c8000000 rw-p 00000000 00:00 0                          [stack:19512]
7f45c8000000-7f45c8021000 rw-p 00000000 00:00 0 
7f45c8021000-7f45cc000000 ---p 00000000 00:00 0 
7f45cc0ea000-7f45cc0f9000 r--s 000df000 08:05 15993647                   /home/maja/Android/Sdk/build-tools/23.0.2/lib/dx.jar
7f45cc0f9000-7f45ccf40000 rw-p 00000000 00:00 0 
7f45ccf40000-7f45cd000000 ---p 00000000 00:00 0 
7f45cd000000-7f45cd6f0000 rwxp 00000000 00:00 0 
7f45cd6f0000-7f45dc000000 ---p 00000000 00:00 0 
7f45dc000000-7f45dc3bd000 rw-p 00000000 00:00 0 
7f45dc3bd000-7f45e0000000 ---p 00000000 00:00 0 
7f45e0006000-7f45e03bb000 rw-p 00000000 00:00 0 
7f45e03bb000-7f45e0593000 r--s 03d20000 08:05 16520946                   /usr/share/jdk1.8.0_65/jre/lib/rt.jar
7f45e0593000-7f45e0809000 rw-p 00000000 00:00 0 
7f45e0809000-7f45e080a000 ---p 00000000 00:00 0 
7f45e080a000-7f45e090a000 rw-p 00000000 00:00 0                          [stack:19511]
7f45e090a000-7f45e090b000 ---p 00000000 00:00 0 
7f45e090b000-7f45e0a0b000 rw-p 00000000 00:00 0                          [stack:19510]
7f45e0a0b000-7f45e0a0c000 ---p 00000000 00:00 0 
7f45e0a0c000-7f45e0b0c000 rw-p 00000000 00:00 0                          [stack:19509]
7f45e0b0c000-7f45e0b0d000 ---p 00000000 00:00 0 
7f45e0b0d000-7f45e0c21000 rw-p 00000000 00:00 0                          [stack:19508]
7f45e0c21000-7f45e0d63000 ---p 00000000 00:00 0 
7f45e0d63000-7f45e0d77000 rw-p 00000000 00:00 0 
7f45e0d77000-7f45e0eb8000 ---p 00000000 00:00 0 
7f45e0eb8000-7f45e0ed9000 rw-p 00000000 00:00 0 
7f45e0ed9000-7f45e0f63000 ---p 00000000 00:00 0 
7f45e0f63000-7f45e0f80000 rw-p 00000000 00:00 0 
7f45e0f80000-7f45e1324000 ---p 00000000 00:00 0 
7f45e1324000-7f45e133e000 r-xp 00000000 08:05 16520825                   /usr/share/jdk1.8.0_65/jre/lib/amd64/libzip.so
7f45e133e000-7f45e153e000 ---p 0001a000 08:05 16520825                   /usr/share/jdk1.8.0_65/jre/lib/amd64/libzip.so
7f45e153e000-7f45e153f000 rw-p 0001a000 08:05 16520825                   /usr/share/jdk1.8.0_65/jre/lib/amd64/libzip.so
7f45e153f000-7f45e154a000 r-xp 00000000 08:05 6557894                    /lib/x86_64-linux-gnu/libnss_files-2.19.so
7f45e154a000-7f45e1749000 ---p 0000b000 08:05 6557894                    /lib/x86_64-linux-gnu/libnss_files-2.19.so
7f45e1749000-7f45e174a000 r--p 0000a000 08:05 6557894                    /lib/x86_64-linux-gnu/libnss_files-2.19.so
7f45e174a000-7f45e174b000 rw-p 0000b000 08:05 6557894                    /lib/x86_64-linux-gnu/libnss_files-2.19.so
7f45e174b000-7f45e1756000 r-xp 00000000 08:05 6557904                    /lib/x86_64-linux-gnu/libnss_nis-2.19.so
7f45e1756000-7f45e1955000 ---p 0000b000 08:05 6557904                    /lib/x86_64-linux-gnu/libnss_nis-2.19.so
7f45e1955000-7f45e1956000 r--p 0000a000 08:05 6557904                    /lib/x86_64-linux-gnu/libnss_nis-2.19.so
7f45e1956000-7f45e1957000 rw-p 0000b000 08:05 6557904                    /lib/x86_64-linux-gnu/libnss_nis-2.19.so
7f45e1957000-7f45e196e000 r-xp 00000000 08:05 6557888                    /lib/x86_64-linux-gnu/libnsl-2.19.so
7f45e196e000-7f45e1b6d000 ---p 00017000 08:05 6557888                    /lib/x86_64-linux-gnu/libnsl-2.19.so
7f45e1b6d000-7f45e1b6e000 r--p 00016000 08:05 6557888                    /lib/x86_64-linux-gnu/libnsl-2.19.so
7f45e1b6e000-7f45e1b6f000 rw-p 00017000 08:05 6557888                    /lib/x86_64-linux-gnu/libnsl-2.19.so
7f45e1b6f000-7f45e1b71000 rw-p 00000000 00:00 0 
7f45e1b71000-7f45e1b7a000 r-xp 00000000 08:05 6557890                    /lib/x86_64-linux-gnu/libnss_compat-2.19.so
7f45e1b7a000-7f45e1d79000 ---p 00009000 08:05 6557890                    /lib/x86_64-linux-gnu/libnss_compat-2.19.so
7f45e1d79000-7f45e1d7a000 r--p 00008000 08:05 6557890                    /lib/x86_64-linux-gnu/libnss_compat-2.19.so
7f45e1d7a000-7f45e1d7b000 rw-p 00009000 08:05 6557890                    /lib/x86_64-linux-gnu/libnss_compat-2.19.so
7f45e1d7b000-7f45e1da5000 r-xp 00000000 08:05 16520801                   /usr/share/jdk1.8.0_65/jre/lib/amd64/libjava.so
7f45e1da5000-7f45e1fa5000 ---p 0002a000 08:05 16520801                   /usr/share/jdk1.8.0_65/jre/lib/amd64/libjava.so
7f45e1fa5000-7f45e1fa7000 rw-p 0002a000 08:05 16520801                   /usr/share/jdk1.8.0_65/jre/lib/amd64/libjava.so
7f45e1fa7000-7f45e1fb4000 r-xp 00000000 08:05 16520766                   /usr/share/jdk1.8.0_65/jre/lib/amd64/libverify.so
7f45e1fb4000-7f45e21b4000 ---p 0000d000 08:05 16520766                   /usr/share/jdk1.8.0_65/jre/lib/amd64/libverify.so
7f45e21b4000-7f45e21b6000 rw-p 0000d000 08:05 16520766                   /usr/share/jdk1.8.0_65/jre/lib/amd64/libverify.so
7f45e21b6000-7f45e21bd000 r-xp 00000000 08:05 6557947                    /lib/x86_64-linux-gnu/librt-2.19.so
7f45e21bd000-7f45e23bc000 ---p 00007000 08:05 6557947                    /lib/x86_64-linux-gnu/librt-2.19.so
7f45e23bc000-7f45e23bd000 r--p 00006000 08:05 6557947                    /lib/x86_64-linux-gnu/librt-2.19.so
7f45e23bd000-7f45e23be000 rw-p 00007000 08:05 6557947                    /lib/x86_64-linux-gnu/librt-2.19.so
7f45e23be000-7f45e24c3000 r-xp 00000000 08:05 6557869                    /lib/x86_64-linux-gnu/libm-2.19.so
7f45e24c3000-7f45e26c2000 ---p 00105000 08:05 6557869                    /lib/x86_64-linux-gnu/libm-2.19.so
7f45e26c2000-7f45e26c3000 r--p 00104000 08:05 6557869                    /lib/x86_64-linux-gnu/libm-2.19.so
7f45e26c3000-7f45e26c4000 rw-p 00105000 08:05 6557869                    /lib/x86_64-linux-gnu/libm-2.19.so
7f45e26c4000-7f45e3382000 r-xp 00000000 08:05 16520687                   /usr/share/jdk1.8.0_65/jre/lib/amd64/server/libjvm.so
7f45e3382000-7f45e3581000 ---p 00cbe000 08:05 16520687                   /usr/share/jdk1.8.0_65/jre/lib/amd64/server/libjvm.so
7f45e3581000-7f45e3659000 rw-p 00cbd000 08:05 16520687                   /usr/share/jdk1.8.0_65/jre/lib/amd64/server/libjvm.so
7f45e3659000-7f45e369e000 rw-p 00000000 00:00 0 
7f45e369e000-7f45e3859000 r-xp 00000000 08:05 6557819                    /lib/x86_64-linux-gnu/libc-2.19.so
7f45e3859000-7f45e3a58000 ---p 001bb000 08:05 6557819                    /lib/x86_64-linux-gnu/libc-2.19.so
7f45e3a58000-7f45e3a5c000 r--p 001ba000 08:05 6557819                    /lib/x86_64-linux-gnu/libc-2.19.so
7f45e3a5c000-7f45e3a5e000 rw-p 001be000 08:05 6557819                    /lib/x86_64-linux-gnu/libc-2.19.so
7f45e3a5e000-7f45e3a63000 rw-p 00000000 00:00 0 
7f45e3a63000-7f45e3a66000 r-xp 00000000 08:05 6557836                    /lib/x86_64-linux-gnu/libdl-2.19.so
7f45e3a66000-7f45e3c65000 ---p 00003000 08:05 6557836                    /lib/x86_64-linux-gnu/libdl-2.19.so
7f45e3c65000-7f45e3c66000 r--p 00002000 08:05 6557836                    /lib/x86_64-linux-gnu/libdl-2.19.so
7f45e3c66000-7f45e3c67000 rw-p 00003000 08:05 6557836                    /lib/x86_64-linux-gnu/libdl-2.19.so
7f45e3c67000-7f45e3c7c000 r-xp 00000000 08:05 16520834                   /usr/share/jdk1.8.0_65/lib/amd64/jli/libjli.so
7f45e3c7c000-7f45e3e7c000 ---p 00015000 08:05 16520834                   /usr/share/jdk1.8.0_65/lib/amd64/jli/libjli.so
7f45e3e7c000-7f45e3e7d000 rw-p 00015000 08:05 16520834                   /usr/share/jdk1.8.0_65/lib/amd64/jli/libjli.so
7f45e3e7d000-7f45e3e96000 r-xp 00000000 08:05 6557939                    /lib/x86_64-linux-gnu/libpthread-2.19.so
7f45e3e96000-7f45e4095000 ---p 00019000 08:05 6557939                    /lib/x86_64-linux-gnu/libpthread-2.19.so
7f45e4095000-7f45e4096000 r--p 00018000 08:05 6557939                    /lib/x86_64-linux-gnu/libpthread-2.19.so
7f45e4096000-7f45e4097000 rw-p 00019000 08:05 6557939                    /lib/x86_64-linux-gnu/libpthread-2.19.so
7f45e4097000-7f45e409b000 rw-p 00000000 00:00 0 
7f45e409b000-7f45e40be000 r-xp 00000000 08:05 6557795                    /lib/x86_64-linux-gnu/ld-2.19.so
7f45e40c5000-7f45e419e000 rw-p 00000000 00:00 0 
7f45e419e000-7f45e41a1000 ---p 00000000 00:00 0 
7f45e41a1000-7f45e42a3000 rw-p 00000000 00:00 0                          [stack:19507]
7f45e42ab000-7f45e42ac000 rw-p 00000000 00:00 0 
7f45e42ac000-7f45e42b1000 r--s 00096000 08:05 16520924                   /usr/share/jdk1.8.0_65/jre/lib/jsse.jar
7f45e42b1000-7f45e42b9000 rw-s 00000000 08:05 17181782                   /tmp/hsperfdata_maja/19502
7f45e42b9000-7f45e42ba000 rw-p 00000000 00:00 0 
7f45e42ba000-7f45e42bb000 ---p 00000000 00:00 0 
7f45e42bb000-7f45e42bd000 rw-p 00000000 00:00 0 
7f45e42bd000-7f45e42be000 r--p 00022000 08:05 6557795                    /lib/x86_64-linux-gnu/ld-2.19.so
7f45e42be000-7f45e42bf000 rw-p 00023000 08:05 6557795                    /lib/x86_64-linux-gnu/ld-2.19.so
7f45e42bf000-7f45e42c0000 rw-p 00000000 00:00 0 
7ffca13ba000-7ffca13dc000 rw-p 00000000 00:00 0                          [stack]
7ffca13ec000-7ffca13ee000 r--p 00000000 00:00 0                          [vvar]
7ffca13ee000-7ffca13f0000 r-xp 00000000 00:00 0                          [vdso]
ffffffffff600000-ffffffffff601000 r-xp 00000000 00:00 0                  [vsyscall]

VM Arguments:
jvm_args: -Xmx1024M -Dfile.encoding=UTF-8 -Duser.country=US -Duser.language=en -Duser.variant 
java_command: com.android.dx.command.Main --dex --num-threads=4 --output /home/maja/AndroidStudioProjects/team-up/team-up-android/app/build/intermediates/dex/debug /home/maja/AndroidStudioProjects/team-up/team-up-android/app/build/intermediates/classes/debug /home/maja/AndroidStudioProjects/team-up/team-up-android/app/build/intermediates/pre-dexed/debug/classes-055ddb9cb1601f5457fc7fdd2df721444caa004a.jar /home/maja/AndroidStudioProjects/team-up/team-up-android/app/build/intermediates/pre-dexed/debug/support-annotations-23.1.1-47b9e5a6905991889b9bf8c4755a347c0d1746f2.jar /home/maja/AndroidStudioProjects/team-up/team-up-android/app/build/intermediates/pre-dexed/debug/classes-d5ee1c6bedba4fd004c604f3c910ca85c7ffbadd.jar /home/maja/AndroidStudioProjects/team-up/team-up-android/app/build/intermediates/pre-dexed/debug/classes-6e2d05f2e66388dbf660d0fb3afe53ab9922d9d1.jar /home/maja/AndroidStudioProjects/team-up/team-up-android/app/build/intermediates/pre-dexed/debug/classes-0285aec9b1dd99b4eb9c8880eec5b97d6119cddb.jar /home/maja/AndroidStudioProjects/team-up/team-up-android/app/build/intermediates/pre-dexed/debug/classes-e9c0c412adc88f4b19e634fdc1fef4cd085a64d2.jar /home/maja/AndroidStudioProjects/team-up/team-up-android/app/build/intermediates/pre-dexed/debug/classes-3c30aced4cc8d64b8554d5a13cd44f54995f640b.jar /home/maja/AndroidStudioProjects/team-up/team-up-android/app/build/intermediates/pre-dexed/debug/classes-409b162aece018c8218953514c4854f1cfec5f77.jar /home/maja/AndroidStudioProjects/team-up/team-up-android/app/build/intermediates/pre-dexed/debug/classes-1f940fcb69fb27be85fd3bf3271916c8b49a04e3.jar /home/maja/AndroidStudioProjects/team-up/team-up-android/app/build/intermediates/pre-dexed/debug/classes-93cba4e1e2940fdba32eb9be167cc9d277c31716.jar /home/maja/AndroidStudioProjects/team-up/team-up-android/app/build/intermediates/pre-dexed/debug/classes-ebccaa6f043fff38da1f5681e3d9921412d1ecfb.jar /home/maja/AndroidStudioProjects/team-up/team-up-android/app/build/int
java_class_path (initial): /home/maja/Android/Sdk/build-tools/23.0.2/lib/dx.jar
Launcher Type: SUN_STANDARD

Environment Variables:
PATH=/usr/local/sbin:/usr/local/bin:/usr/sbin:/usr/bin:/sbin:/bin:/usr/games:/usr/local/games:/usr/share/jdk1.8.0_65/bin:/usr/share/netbeans-8.1/java/maven/bin:/usr/lib/swi-prolog/bin:/usr/lib/swi-prolog/bin/amd64:/usr/lib
SHELL=/bin/bash
DISPLAY=:0

Signal Handlers:
SIGSEGV: [libjvm.so+0xaba070], sa_mask[0]=11111111011111111101111111111110, sa_flags=SA_RESTART|SA_SIGINFO
SIGBUS: [libjvm.so+0xaba070], sa_mask[0]=11111111011111111101111111111110, sa_flags=SA_RESTART|SA_SIGINFO
SIGFPE: [libjvm.so+0x917630], sa_mask[0]=11111111011111111101111111111110, sa_flags=SA_RESTART|SA_SIGINFO
SIGPIPE: [libjvm.so+0x917630], sa_mask[0]=11111111011111111101111111111110, sa_flags=SA_RESTART|SA_SIGINFO
SIGXFSZ: [libjvm.so+0x917630], sa_mask[0]=11111111011111111101111111111110, sa_flags=SA_RESTART|SA_SIGINFO
SIGILL: [libjvm.so+0x917630], sa_mask[0]=11111111011111111101111111111110, sa_flags=SA_RESTART|SA_SIGINFO
SIGUSR1: SIG_DFL, sa_mask[0]=00000000000000000000000000000000, sa_flags=none
SIGUSR2: [libjvm.so+0x918c60], sa_mask[0]=00100000000000000000000000000000, sa_flags=SA_RESTART|SA_SIGINFO
SIGHUP: [libjvm.so+0x91a060], sa_mask[0]=11111111011111111101111111111110, sa_flags=SA_RESTART|SA_SIGINFO
SIGINT: [libjvm.so+0x91a060], sa_mask[0]=11111111011111111101111111111110, sa_flags=SA_RESTART|SA_SIGINFO
SIGTERM: [libjvm.so+0x91a060], sa_mask[0]=11111111011111111101111111111110, sa_flags=SA_RESTART|SA_SIGINFO
SIGQUIT: [libjvm.so+0x91a060], sa_mask[0]=11111111011111111101111111111110, sa_flags=SA_RESTART|SA_SIGINFO


---------------  S Y S T E M  ---------------

OS:DISTRIB_ID=Ubuntu
DISTRIB_RELEASE=14.04
DISTRIB_CODENAME=trusty
DISTRIB_DESCRIPTION="Ubuntu 14.04.3 LTS"

uname:Linux 3.19.0-43-generic #49~14.04.1-Ubuntu SMP Thu Dec 31 15:44:49 UTC 2015 x86_64
libc:glibc 2.19 NPTL 2.19 
rlimit: STACK 8192k, CORE 0k, NPROC 15210, NOFILE 4096, AS infinity
load average:1,05 0,59 0,51

/proc/meminfo:
MemTotal:        3915168 kB
MemFree:          117804 kB
MemAvailable:      74648 kB
Buffers:            1968 kB
Cached:           372652 kB
SwapCached:            0 kB
Active:          3304468 kB
Inactive:         338304 kB
Active(anon):    3282632 kB
Inactive(anon):   321920 kB
Active(file):      21836 kB
Inactive(file):    16384 kB
Unevictable:          48 kB
Mlocked:              48 kB
SwapTotal:             0 kB
SwapFree:              0 kB
Dirty:               192 kB
Writeback:             0 kB
AnonPages:       3267556 kB
Mapped:            92160 kB
Shmem:            337252 kB
Slab:              76280 kB
SReclaimable:      44404 kB
SUnreclaim:        31876 kB
KernelStack:        8944 kB
PageTables:        34864 kB
NFS_Unstable:          0 kB
Bounce:                0 kB
WritebackTmp:          0 kB
CommitLimit:     1957584 kB
Committed_AS:    6313748 kB
VmallocTotal:   34359738367 kB
VmallocUsed:      347724 kB
VmallocChunk:   34359382492 kB
HardwareCorrupted:     0 kB
AnonHugePages:   1755136 kB
CmaTotal:              0 kB
CmaFree:               0 kB
HugePages_Total:       0
HugePages_Free:        0
HugePages_Rsvd:        0
HugePages_Surp:        0
Hugepagesize:       2048 kB
DirectMap4k:      142912 kB
DirectMap2M:     3919872 kB


CPU:total 4 (2 cores per cpu, 2 threads per core) family 6 model 42 stepping 7, cmov, cx8, fxsr, mmx, sse, sse2, sse3, ssse3, sse4.1, sse4.2, popcnt, avx, clmul, ht, tsc, tscinvbit

/proc/cpuinfo:
processor	: 0
vendor_id	: GenuineIntel
cpu family	: 6
model		: 42
model name	: Intel(R) Core(TM) i3-2350M CPU @ 2.30GHz
stepping	: 7
microcode	: 0x26
cpu MHz		: 809.851
cache size	: 3072 KB
physical id	: 0
siblings	: 4
core id		: 0
cpu cores	: 2
apicid		: 0
initial apicid	: 0
fpu		: yes
fpu_exception	: yes
cpuid level	: 13
wp		: yes
flags		: fpu vme de pse tsc msr pae mce cx8 apic sep mtrr pge mca cmov pat pse36 clflush dts acpi mmx fxsr sse sse2 ss ht tm pbe syscall nx rdtscp lm constant_tsc arch_perfmon pebs bts rep_good nopl xtopology nonstop_tsc aperfmperf eagerfpu pni pclmulqdq dtes64 monitor ds_cpl vmx est tm2 ssse3 cx16 xtpr pdcm pcid sse4_1 sse4_2 x2apic popcnt tsc_deadline_timer xsave avx lahf_lm arat epb pln pts dtherm tpr_shadow vnmi flexpriority ept vpid xsaveopt
bugs		:
bogomips	: 4585.06
clflush size	: 64
cache_alignment	: 64
address sizes	: 36 bits physical, 48 bits virtual
power management:

processor	: 1
vendor_id	: GenuineIntel
cpu family	: 6
model		: 42
model name	: Intel(R) Core(TM) i3-2350M CPU @ 2.30GHz
stepping	: 7
microcode	: 0x26
cpu MHz		: 902.031
cache size	: 3072 KB
physical id	: 0
siblings	: 4
core id		: 1
cpu cores	: 2
apicid		: 2
initial apicid	: 2
fpu		: yes
fpu_exception	: yes
cpuid level	: 13
wp		: yes
flags		: fpu vme de pse tsc msr pae mce cx8 apic sep mtrr pge mca cmov pat pse36 clflush dts acpi mmx fxsr sse sse2 ss ht tm pbe syscall nx rdtscp lm constant_tsc arch_perfmon pebs bts rep_good nopl xtopology nonstop_tsc aperfmperf eagerfpu pni pclmulqdq dtes64 monitor ds_cpl vmx est tm2 ssse3 cx16 xtpr pdcm pcid sse4_1 sse4_2 x2apic popcnt tsc_deadline_timer xsave avx lahf_lm arat epb pln pts dtherm tpr_shadow vnmi flexpriority ept vpid xsaveopt
bugs		:
bogomips	: 4585.06
clflush size	: 64
cache_alignment	: 64
address sizes	: 36 bits physical, 48 bits virtual
power management:

processor	: 2
vendor_id	: GenuineIntel
cpu family	: 6
model		: 42
model name	: Intel(R) Core(TM) i3-2350M CPU @ 2.30GHz
stepping	: 7
microcode	: 0x26
cpu MHz		: 828.449
cache size	: 3072 KB
physical id	: 0
siblings	: 4
core id		: 0
cpu cores	: 2
apicid		: 1
initial apicid	: 1
fpu		: yes
fpu_exception	: yes
cpuid level	: 13
wp		: yes
flags		: fpu vme de pse tsc msr pae mce cx8 apic sep mtrr pge mca cmov pat pse36 clflush dts acpi mmx fxsr sse sse2 ss ht tm pbe syscall nx rdtscp lm constant_tsc arch_perfmon pebs bts rep_good nopl xtopology nonstop_tsc aperfmperf eagerfpu pni pclmulqdq dtes64 monitor ds_cpl vmx est tm2 ssse3 cx16 xtpr pdcm pcid sse4_1 sse4_2 x2apic popcnt tsc_deadline_timer xsave avx lahf_lm arat epb pln pts dtherm tpr_shadow vnmi flexpriority ept vpid xsaveopt
bugs		:
bogomips	: 4585.06
clflush size	: 64
cache_alignment	: 64
address sizes	: 36 bits physical, 48 bits virtual
power management:

processor	: 3
vendor_id	: GenuineIntel
cpu family	: 6
model		: 42
model name	: Intel(R) Core(TM) i3-2350M CPU @ 2.30GHz
stepping	: 7
microcode	: 0x26
cpu MHz		: 2300.000
cache size	: 3072 KB
physical id	: 0
siblings	: 4
core id		: 1
cpu cores	: 2
apicid		: 3
initial apicid	: 3
fpu		: yes
fpu_exception	: yes
cpuid level	: 13
wp		: yes
flags		: fpu vme de pse tsc msr pae mce cx8 apic sep mtrr pge mca cmov pat pse36 clflush dts acpi mmx fxsr sse sse2 ss ht tm pbe syscall nx rdtscp lm constant_tsc arch_perfmon pebs bts rep_good nopl xtopology nonstop_tsc aperfmperf eagerfpu pni pclmulqdq dtes64 monitor ds_cpl vmx est tm2 ssse3 cx16 xtpr pdcm pcid sse4_1 sse4_2 x2apic popcnt tsc_deadline_timer xsave avx lahf_lm arat epb pln pts dtherm tpr_shadow vnmi flexpriority ept vpid xsaveopt
bugs		:
bogomips	: 4585.06
clflush size	: 64
cache_alignment	: 64
address sizes	: 36 bits physical, 48 bits virtual
power management:



Memory: 4k page, physical 3915168k(117804k free), swap 0k(0k free)

vm_info: Java HotSpot(TM) 64-Bit Server VM (25.65-b01) for linux-amd64 JRE (1.8.0_65-b17), built on Oct  6 2015 17:16:12 by "java_re" with gcc 4.3.0 20080428 (Red Hat 4.3.0-8)

time: Tue Jan 19 23:05:51 2016
elapsed time: 5 seconds (0d 0h 0m 5s)

